This file contains any messages produced by compilers while
running configure, to aid debugging if configure makes a mistake.

It was created by bnuoj-dispatcher configure 2.0.0, which was
generated by GNU Autoconf 2.69.  Invocation command line was

  $ ./configure 

## --------- ##
## Platform. ##
## --------- ##

hostname = dr
uname -m = x86_64
uname -r = 4.9.7-1-ARCH
uname -s = Linux
uname -v = #1 SMP PREEMPT Wed Feb 1 19:33:40 CET 2017

/usr/bin/uname -p = unknown
/bin/uname -X     = unknown

/bin/arch              = unknown
/usr/bin/arch -k       = unknown
/usr/convex/getsysinfo = unknown
/usr/bin/hostinfo      = unknown
/bin/machine           = unknown
/usr/bin/oslevel       = unknown
/bin/universe          = unknown

PATH: /usr/local/bin
PATH: /usr/local/sbin
PATH: /usr/bin


## ----------- ##
## Core tests. ##
## ----------- ##

configure:2388: checking whether to enable maintainer-specific portions of Makefiles
configure:2397: result: no
configure:2455: checking for a BSD-compatible install
configure:2523: result: /usr/bin/install -c
configure:2534: checking whether build environment is sane
configure:2589: result: yes
configure:2740: checking for a thread-safe mkdir -p
configure:2779: result: /usr/bin/mkdir -p
configure:2786: checking for gawk
configure:2802: found /usr/bin/gawk
configure:2813: result: gawk
configure:2824: checking whether make sets $(MAKE)
configure:2846: result: yes
configure:2875: checking whether make supports nested variables
configure:2892: result: yes
configure:3078: checking for g++
configure:3094: found /usr/bin/g++
configure:3105: result: g++
configure:3132: checking for C++ compiler version
configure:3141: g++ --version >&5
g++ (GCC) 6.3.1 20170109
Copyright (C) 2016 Free Software Foundation, Inc.
This is free software; see the source for copying conditions.  There is NO
warranty; not even for MERCHANTABILITY or FITNESS FOR A PARTICULAR PURPOSE.

configure:3152: $? = 0
configure:3141: g++ -v >&5
Using built-in specs.
COLLECT_GCC=g++
COLLECT_LTO_WRAPPER=/usr/lib/gcc/x86_64-pc-linux-gnu/6.3.1/lto-wrapper
Target: x86_64-pc-linux-gnu
Configured with: /build/gcc/src/gcc/configure --prefix=/usr --libdir=/usr/lib --libexecdir=/usr/lib --mandir=/usr/share/man --infodir=/usr/share/info --with-bugurl=https://bugs.archlinux.org/ --enable-languages=c,c++,ada,fortran,go,lto,objc,obj-c++ --enable-shared --enable-threads=posix --enable-libmpx --with-system-zlib --with-isl --enable-__cxa_atexit --disable-libunwind-exceptions --enable-clocale=gnu --disable-libstdcxx-pch --disable-libssp --enable-gnu-unique-object --enable-linker-build-id --enable-lto --enable-plugin --enable-install-libiberty --with-linker-hash-style=gnu --enable-gnu-indirect-function --disable-multilib --disable-werror --enable-checking=release
Thread model: posix
gcc version 6.3.1 20170109 (GCC) 
configure:3152: $? = 0
configure:3141: g++ -V >&5
g++: error: unrecognized command line option '-V'
g++: fatal error: no input files
compilation terminated.
configure:3152: $? = 1
configure:3141: g++ -qversion >&5
g++: error: unrecognized command line option '-qversion'; did you mean '--version'?
g++: fatal error: no input files
compilation terminated.
configure:3152: $? = 1
configure:3172: checking whether the C++ compiler works
configure:3194: g++    conftest.cpp  >&5
configure:3198: $? = 0
configure:3246: result: yes
configure:3249: checking for C++ compiler default output file name
configure:3251: result: a.out
configure:3257: checking for suffix of executables
configure:3264: g++ -o conftest    conftest.cpp  >&5
configure:3268: $? = 0
configure:3290: result: 
configure:3312: checking whether we are cross compiling
configure:3320: g++ -o conftest    conftest.cpp  >&5
configure:3324: $? = 0
configure:3331: ./conftest
configure:3335: $? = 0
configure:3350: result: no
configure:3355: checking for suffix of object files
configure:3377: g++ -c   conftest.cpp >&5
configure:3381: $? = 0
configure:3402: result: o
configure:3406: checking whether we are using the GNU C++ compiler
configure:3425: g++ -c   conftest.cpp >&5
configure:3425: $? = 0
configure:3434: result: yes
configure:3443: checking whether g++ accepts -g
configure:3463: g++ -c -g  conftest.cpp >&5
configure:3463: $? = 0
configure:3504: result: yes
configure:3538: checking for style of include used by make
configure:3566: result: GNU
configure:3592: checking dependency style of g++
configure:3703: result: gcc3
configure:3766: checking for gcc
configure:3782: found /usr/bin/gcc
configure:3793: result: gcc
configure:4022: checking for C compiler version
configure:4031: gcc --version >&5
gcc (GCC) 6.3.1 20170109
Copyright (C) 2016 Free Software Foundation, Inc.
This is free software; see the source for copying conditions.  There is NO
warranty; not even for MERCHANTABILITY or FITNESS FOR A PARTICULAR PURPOSE.

configure:4042: $? = 0
configure:4031: gcc -v >&5
Using built-in specs.
COLLECT_GCC=gcc
COLLECT_LTO_WRAPPER=/usr/lib/gcc/x86_64-pc-linux-gnu/6.3.1/lto-wrapper
Target: x86_64-pc-linux-gnu
Configured with: /build/gcc/src/gcc/configure --prefix=/usr --libdir=/usr/lib --libexecdir=/usr/lib --mandir=/usr/share/man --infodir=/usr/share/info --with-bugurl=https://bugs.archlinux.org/ --enable-languages=c,c++,ada,fortran,go,lto,objc,obj-c++ --enable-shared --enable-threads=posix --enable-libmpx --with-system-zlib --with-isl --enable-__cxa_atexit --disable-libunwind-exceptions --enable-clocale=gnu --disable-libstdcxx-pch --disable-libssp --enable-gnu-unique-object --enable-linker-build-id --enable-lto --enable-plugin --enable-install-libiberty --with-linker-hash-style=gnu --enable-gnu-indirect-function --disable-multilib --disable-werror --enable-checking=release
Thread model: posix
gcc version 6.3.1 20170109 (GCC) 
configure:4042: $? = 0
configure:4031: gcc -V >&5
gcc: error: unrecognized command line option '-V'
gcc: fatal error: no input files
compilation terminated.
configure:4042: $? = 1
configure:4031: gcc -qversion >&5
gcc: error: unrecognized command line option '-qversion'; did you mean '--version'?
gcc: fatal error: no input files
compilation terminated.
configure:4042: $? = 1
configure:4046: checking whether we are using the GNU C compiler
configure:4065: gcc -c   conftest.c >&5
configure:4065: $? = 0
configure:4074: result: yes
configure:4083: checking whether gcc accepts -g
configure:4103: gcc -c -g  conftest.c >&5
configure:4103: $? = 0
configure:4144: result: yes
configure:4161: checking for gcc option to accept ISO C89
configure:4224: gcc  -c -g -O2  conftest.c >&5
configure:4224: $? = 0
configure:4237: result: none needed
configure:4262: checking whether gcc understands -c and -o together
configure:4284: gcc -c conftest.c -o conftest2.o
configure:4287: $? = 0
configure:4284: gcc -c conftest.c -o conftest2.o
configure:4287: $? = 0
configure:4299: result: yes
configure:4318: checking dependency style of gcc
configure:4429: result: gcc3
configure:4447: checking for pthread_create in -lpthread
configure:4472: gcc -o conftest -g -O2   conftest.c -lpthread   >&5
configure:4472: $? = 0
configure:4481: result: yes
configure:4492: checking for mysql_init in -lmysqlclient
configure:4517: gcc -o conftest -g -O2   conftest.c -lmysqlclient  -lpthread  >&5
configure:4517: $? = 0
configure:4526: result: yes
configure:4544: checking how to run the C preprocessor
configure:4575: gcc -E  conftest.c
configure:4575: $? = 0
configure:4589: gcc -E  conftest.c
conftest.c:13:28: fatal error: ac_nonexistent.h: No such file or directory
 #include <ac_nonexistent.h>
                            ^
compilation terminated.
configure:4589: $? = 1
configure: failed program was:
| /* confdefs.h */
| #define PACKAGE_NAME "bnuoj-dispatcher"
| #define PACKAGE_TARNAME "bnuoj-dispatcher"
| #define PACKAGE_VERSION "2.0.0"
| #define PACKAGE_STRING "bnuoj-dispatcher 2.0.0"
| #define PACKAGE_BUGREPORT "crccw@moonux.org"
| #define PACKAGE_URL ""
| #define PACKAGE "bnuoj-dispatcher"
| #define VERSION "2.0.0"
| #define HAVE_LIBPTHREAD 1
| #define HAVE_LIBMYSQLCLIENT 1
| /* end confdefs.h.  */
| #include <ac_nonexistent.h>
configure:4614: result: gcc -E
configure:4634: gcc -E  conftest.c
configure:4634: $? = 0
configure:4648: gcc -E  conftest.c
conftest.c:13:28: fatal error: ac_nonexistent.h: No such file or directory
 #include <ac_nonexistent.h>
                            ^
compilation terminated.
configure:4648: $? = 1
configure: failed program was:
| /* confdefs.h */
| #define PACKAGE_NAME "bnuoj-dispatcher"
| #define PACKAGE_TARNAME "bnuoj-dispatcher"
| #define PACKAGE_VERSION "2.0.0"
| #define PACKAGE_STRING "bnuoj-dispatcher 2.0.0"
| #define PACKAGE_BUGREPORT "crccw@moonux.org"
| #define PACKAGE_URL ""
| #define PACKAGE "bnuoj-dispatcher"
| #define VERSION "2.0.0"
| #define HAVE_LIBPTHREAD 1
| #define HAVE_LIBMYSQLCLIENT 1
| /* end confdefs.h.  */
| #include <ac_nonexistent.h>
configure:4677: checking for grep that handles long lines and -e
configure:4735: result: /usr/bin/grep
configure:4740: checking for egrep
configure:4802: result: /usr/bin/grep -E
configure:4807: checking for ANSI C header files
configure:4827: gcc -c -g -O2  conftest.c >&5
configure:4827: $? = 0
configure:4900: gcc -o conftest -g -O2   conftest.c -lmysqlclient -lpthread  >&5
configure:4900: $? = 0
configure:4900: ./conftest
configure:4900: $? = 0
configure:4911: result: yes
configure:4924: checking for sys/types.h
configure:4924: gcc -c -g -O2  conftest.c >&5
configure:4924: $? = 0
configure:4924: result: yes
configure:4924: checking for sys/stat.h
configure:4924: gcc -c -g -O2  conftest.c >&5
configure:4924: $? = 0
configure:4924: result: yes
configure:4924: checking for stdlib.h
configure:4924: gcc -c -g -O2  conftest.c >&5
configure:4924: $? = 0
configure:4924: result: yes
configure:4924: checking for string.h
configure:4924: gcc -c -g -O2  conftest.c >&5
configure:4924: $? = 0
configure:4924: result: yes
configure:4924: checking for memory.h
configure:4924: gcc -c -g -O2  conftest.c >&5
configure:4924: $? = 0
configure:4924: result: yes
configure:4924: checking for strings.h
configure:4924: gcc -c -g -O2  conftest.c >&5
configure:4924: $? = 0
configure:4924: result: yes
configure:4924: checking for inttypes.h
configure:4924: gcc -c -g -O2  conftest.c >&5
configure:4924: $? = 0
configure:4924: result: yes
configure:4924: checking for stdint.h
configure:4924: gcc -c -g -O2  conftest.c >&5
configure:4924: $? = 0
configure:4924: result: yes
configure:4924: checking for unistd.h
configure:4924: gcc -c -g -O2  conftest.c >&5
configure:4924: $? = 0
configure:4924: result: yes
configure:4941: checking arpa/inet.h usability
configure:4941: gcc -c -g -O2  conftest.c >&5
configure:4941: $? = 0
configure:4941: result: yes
configure:4941: checking arpa/inet.h presence
configure:4941: gcc -E  conftest.c
configure:4941: $? = 0
configure:4941: result: yes
configure:4941: checking for arpa/inet.h
configure:4941: result: yes
configure:4941: checking for inttypes.h
configure:4941: result: yes
configure:4941: checking limits.h usability
configure:4941: gcc -c -g -O2  conftest.c >&5
configure:4941: $? = 0
configure:4941: result: yes
configure:4941: checking limits.h presence
configure:4941: gcc -E  conftest.c
configure:4941: $? = 0
configure:4941: result: yes
configure:4941: checking for limits.h
configure:4941: result: yes
configure:4941: checking netdb.h usability
configure:4941: gcc -c -g -O2  conftest.c >&5
configure:4941: $? = 0
configure:4941: result: yes
configure:4941: checking netdb.h presence
configure:4941: gcc -E  conftest.c
configure:4941: $? = 0
configure:4941: result: yes
configure:4941: checking for netdb.h
configure:4941: result: yes
configure:4941: checking netinet/in.h usability
configure:4941: gcc -c -g -O2  conftest.c >&5
configure:4941: $? = 0
configure:4941: result: yes
configure:4941: checking netinet/in.h presence
configure:4941: gcc -E  conftest.c
configure:4941: $? = 0
configure:4941: result: yes
configure:4941: checking for netinet/in.h
configure:4941: result: yes
configure:4941: checking for stdint.h
configure:4941: result: yes
configure:4941: checking for stdlib.h
configure:4941: result: yes
configure:4941: checking for string.h
configure:4941: result: yes
configure:4941: checking for strings.h
configure:4941: result: yes
configure:4941: checking sys/socket.h usability
configure:4941: gcc -c -g -O2  conftest.c >&5
configure:4941: $? = 0
configure:4941: result: yes
configure:4941: checking sys/socket.h presence
configure:4941: gcc -E  conftest.c
configure:4941: $? = 0
configure:4941: result: yes
configure:4941: checking for sys/socket.h
configure:4941: result: yes
configure:4941: checking sys/time.h usability
configure:4941: gcc -c -g -O2  conftest.c >&5
configure:4941: $? = 0
configure:4941: result: yes
configure:4941: checking sys/time.h presence
configure:4941: gcc -E  conftest.c
configure:4941: $? = 0
configure:4941: result: yes
configure:4941: checking for sys/time.h
configure:4941: result: yes
configure:4941: checking for unistd.h
configure:4941: result: yes
configure:4941: checking wchar.h usability
configure:4941: gcc -c -g -O2  conftest.c >&5
configure:4941: $? = 0
configure:4941: result: yes
configure:4941: checking wchar.h presence
configure:4941: gcc -E  conftest.c
configure:4941: $? = 0
configure:4941: result: yes
configure:4941: checking for wchar.h
configure:4941: result: yes
configure:4953: checking for stdbool.h that conforms to C99
configure:5020: gcc -c -g -O2  conftest.c >&5
configure:5020: $? = 0
configure:5027: result: yes
configure:5029: checking for _Bool
configure:5029: gcc -c -g -O2  conftest.c >&5
configure:5029: $? = 0
configure:5029: gcc -c -g -O2  conftest.c >&5
conftest.c: In function 'main':
conftest.c:72:20: error: expected expression before ')' token
 if (sizeof ((_Bool)))
                    ^
configure:5029: $? = 1
configure: failed program was:
| /* confdefs.h */
| #define PACKAGE_NAME "bnuoj-dispatcher"
| #define PACKAGE_TARNAME "bnuoj-dispatcher"
| #define PACKAGE_VERSION "2.0.0"
| #define PACKAGE_STRING "bnuoj-dispatcher 2.0.0"
| #define PACKAGE_BUGREPORT "crccw@moonux.org"
| #define PACKAGE_URL ""
| #define PACKAGE "bnuoj-dispatcher"
| #define VERSION "2.0.0"
| #define HAVE_LIBPTHREAD 1
| #define HAVE_LIBMYSQLCLIENT 1
| #define STDC_HEADERS 1
| #define HAVE_SYS_TYPES_H 1
| #define HAVE_SYS_STAT_H 1
| #define HAVE_STDLIB_H 1
| #define HAVE_STRING_H 1
| #define HAVE_MEMORY_H 1
| #define HAVE_STRINGS_H 1
| #define HAVE_INTTYPES_H 1
| #define HAVE_STDINT_H 1
| #define HAVE_UNISTD_H 1
| #define HAVE_ARPA_INET_H 1
| #define HAVE_INTTYPES_H 1
| #define HAVE_LIMITS_H 1
| #define HAVE_NETDB_H 1
| #define HAVE_NETINET_IN_H 1
| #define HAVE_STDINT_H 1
| #define HAVE_STDLIB_H 1
| #define HAVE_STRING_H 1
| #define HAVE_STRINGS_H 1
| #define HAVE_SYS_SOCKET_H 1
| #define HAVE_SYS_TIME_H 1
| #define HAVE_UNISTD_H 1
| #define HAVE_WCHAR_H 1
| /* end confdefs.h.  */
| #include <stdio.h>
| #ifdef HAVE_SYS_TYPES_H
| # include <sys/types.h>
| #endif
| #ifdef HAVE_SYS_STAT_H
| # include <sys/stat.h>
| #endif
| #ifdef STDC_HEADERS
| # include <stdlib.h>
| # include <stddef.h>
| #else
| # ifdef HAVE_STDLIB_H
| #  include <stdlib.h>
| # endif
| #endif
| #ifdef HAVE_STRING_H
| # if !defined STDC_HEADERS && defined HAVE_MEMORY_H
| #  include <memory.h>
| # endif
| # include <string.h>
| #endif
| #ifdef HAVE_STRINGS_H
| # include <strings.h>
| #endif
| #ifdef HAVE_INTTYPES_H
| # include <inttypes.h>
| #endif
| #ifdef HAVE_STDINT_H
| # include <stdint.h>
| #endif
| #ifdef HAVE_UNISTD_H
| # include <unistd.h>
| #endif
| int
| main ()
| {
| if (sizeof ((_Bool)))
| 	    return 0;
|   ;
|   return 0;
| }
configure:5029: result: yes
configure:5040: checking for inline
configure:5056: gcc -c -g -O2  conftest.c >&5
configure:5056: $? = 0
configure:5064: result: inline
configure:5082: checking for int16_t
configure:5082: gcc -c -g -O2  conftest.c >&5
configure:5082: $? = 0
configure:5082: gcc -c -g -O2  conftest.c >&5
conftest.c: In function 'main':
conftest.c:74:12: error: size of array 'test_array' is negative
 static int test_array [1 - 2 * !((int16_t) (((((int16_t) 1 << N) << N) - 1) * 2 + 1)
            ^~~~~~~~~~
configure:5082: $? = 1
configure: failed program was:
| /* confdefs.h */
| #define PACKAGE_NAME "bnuoj-dispatcher"
| #define PACKAGE_TARNAME "bnuoj-dispatcher"
| #define PACKAGE_VERSION "2.0.0"
| #define PACKAGE_STRING "bnuoj-dispatcher 2.0.0"
| #define PACKAGE_BUGREPORT "crccw@moonux.org"
| #define PACKAGE_URL ""
| #define PACKAGE "bnuoj-dispatcher"
| #define VERSION "2.0.0"
| #define HAVE_LIBPTHREAD 1
| #define HAVE_LIBMYSQLCLIENT 1
| #define STDC_HEADERS 1
| #define HAVE_SYS_TYPES_H 1
| #define HAVE_SYS_STAT_H 1
| #define HAVE_STDLIB_H 1
| #define HAVE_STRING_H 1
| #define HAVE_MEMORY_H 1
| #define HAVE_STRINGS_H 1
| #define HAVE_INTTYPES_H 1
| #define HAVE_STDINT_H 1
| #define HAVE_UNISTD_H 1
| #define HAVE_ARPA_INET_H 1
| #define HAVE_INTTYPES_H 1
| #define HAVE_LIMITS_H 1
| #define HAVE_NETDB_H 1
| #define HAVE_NETINET_IN_H 1
| #define HAVE_STDINT_H 1
| #define HAVE_STDLIB_H 1
| #define HAVE_STRING_H 1
| #define HAVE_STRINGS_H 1
| #define HAVE_SYS_SOCKET_H 1
| #define HAVE_SYS_TIME_H 1
| #define HAVE_UNISTD_H 1
| #define HAVE_WCHAR_H 1
| #define HAVE__BOOL 1
| /* end confdefs.h.  */
| #include <stdio.h>
| #ifdef HAVE_SYS_TYPES_H
| # include <sys/types.h>
| #endif
| #ifdef HAVE_SYS_STAT_H
| # include <sys/stat.h>
| #endif
| #ifdef STDC_HEADERS
| # include <stdlib.h>
| # include <stddef.h>
| #else
| # ifdef HAVE_STDLIB_H
| #  include <stdlib.h>
| # endif
| #endif
| #ifdef HAVE_STRING_H
| # if !defined STDC_HEADERS && defined HAVE_MEMORY_H
| #  include <memory.h>
| # endif
| # include <string.h>
| #endif
| #ifdef HAVE_STRINGS_H
| # include <strings.h>
| #endif
| #ifdef HAVE_INTTYPES_H
| # include <inttypes.h>
| #endif
| #ifdef HAVE_STDINT_H
| # include <stdint.h>
| #endif
| #ifdef HAVE_UNISTD_H
| # include <unistd.h>
| #endif
| 	        enum { N = 16 / 2 - 1 };
| int
| main ()
| {
| static int test_array [1 - 2 * !((int16_t) (((((int16_t) 1 << N) << N) - 1) * 2 + 1)
| 		 < (int16_t) (((((int16_t) 1 << N) << N) - 1) * 2 + 2))];
| test_array [0] = 0;
| return test_array [0];
| 
|   ;
|   return 0;
| }
configure:5082: result: yes
configure:5093: checking for int32_t
configure:5093: gcc -c -g -O2  conftest.c >&5
configure:5093: $? = 0
configure:5093: gcc -c -g -O2  conftest.c >&5
conftest.c: In function 'main':
conftest.c:75:53: warning: integer overflow in expression [-Woverflow]
    < (int32_t) (((((int32_t) 1 << N) << N) - 1) * 2 + 2))];
                                                     ^
conftest.c:74:12: error: storage size of 'test_array' isn't constant
 static int test_array [1 - 2 * !((int32_t) (((((int32_t) 1 << N) << N) - 1) * 2 + 1)
            ^~~~~~~~~~
configure:5093: $? = 1
configure: failed program was:
| /* confdefs.h */
| #define PACKAGE_NAME "bnuoj-dispatcher"
| #define PACKAGE_TARNAME "bnuoj-dispatcher"
| #define PACKAGE_VERSION "2.0.0"
| #define PACKAGE_STRING "bnuoj-dispatcher 2.0.0"
| #define PACKAGE_BUGREPORT "crccw@moonux.org"
| #define PACKAGE_URL ""
| #define PACKAGE "bnuoj-dispatcher"
| #define VERSION "2.0.0"
| #define HAVE_LIBPTHREAD 1
| #define HAVE_LIBMYSQLCLIENT 1
| #define STDC_HEADERS 1
| #define HAVE_SYS_TYPES_H 1
| #define HAVE_SYS_STAT_H 1
| #define HAVE_STDLIB_H 1
| #define HAVE_STRING_H 1
| #define HAVE_MEMORY_H 1
| #define HAVE_STRINGS_H 1
| #define HAVE_INTTYPES_H 1
| #define HAVE_STDINT_H 1
| #define HAVE_UNISTD_H 1
| #define HAVE_ARPA_INET_H 1
| #define HAVE_INTTYPES_H 1
| #define HAVE_LIMITS_H 1
| #define HAVE_NETDB_H 1
| #define HAVE_NETINET_IN_H 1
| #define HAVE_STDINT_H 1
| #define HAVE_STDLIB_H 1
| #define HAVE_STRING_H 1
| #define HAVE_STRINGS_H 1
| #define HAVE_SYS_SOCKET_H 1
| #define HAVE_SYS_TIME_H 1
| #define HAVE_UNISTD_H 1
| #define HAVE_WCHAR_H 1
| #define HAVE__BOOL 1
| /* end confdefs.h.  */
| #include <stdio.h>
| #ifdef HAVE_SYS_TYPES_H
| # include <sys/types.h>
| #endif
| #ifdef HAVE_SYS_STAT_H
| # include <sys/stat.h>
| #endif
| #ifdef STDC_HEADERS
| # include <stdlib.h>
| # include <stddef.h>
| #else
| # ifdef HAVE_STDLIB_H
| #  include <stdlib.h>
| # endif
| #endif
| #ifdef HAVE_STRING_H
| # if !defined STDC_HEADERS && defined HAVE_MEMORY_H
| #  include <memory.h>
| # endif
| # include <string.h>
| #endif
| #ifdef HAVE_STRINGS_H
| # include <strings.h>
| #endif
| #ifdef HAVE_INTTYPES_H
| # include <inttypes.h>
| #endif
| #ifdef HAVE_STDINT_H
| # include <stdint.h>
| #endif
| #ifdef HAVE_UNISTD_H
| # include <unistd.h>
| #endif
| 	        enum { N = 32 / 2 - 1 };
| int
| main ()
| {
| static int test_array [1 - 2 * !((int32_t) (((((int32_t) 1 << N) << N) - 1) * 2 + 1)
| 		 < (int32_t) (((((int32_t) 1 << N) << N) - 1) * 2 + 2))];
| test_array [0] = 0;
| return test_array [0];
| 
|   ;
|   return 0;
| }
configure:5093: result: yes
configure:5104: checking for int64_t
configure:5104: gcc -c -g -O2  conftest.c >&5
configure:5104: $? = 0
configure:5104: gcc -c -g -O2  conftest.c >&5
conftest.c: In function 'main':
conftest.c:75:53: warning: integer overflow in expression [-Woverflow]
    < (int64_t) (((((int64_t) 1 << N) << N) - 1) * 2 + 2))];
                                                     ^
conftest.c:74:12: error: storage size of 'test_array' isn't constant
 static int test_array [1 - 2 * !((int64_t) (((((int64_t) 1 << N) << N) - 1) * 2 + 1)
            ^~~~~~~~~~
configure:5104: $? = 1
configure: failed program was:
| /* confdefs.h */
| #define PACKAGE_NAME "bnuoj-dispatcher"
| #define PACKAGE_TARNAME "bnuoj-dispatcher"
| #define PACKAGE_VERSION "2.0.0"
| #define PACKAGE_STRING "bnuoj-dispatcher 2.0.0"
| #define PACKAGE_BUGREPORT "crccw@moonux.org"
| #define PACKAGE_URL ""
| #define PACKAGE "bnuoj-dispatcher"
| #define VERSION "2.0.0"
| #define HAVE_LIBPTHREAD 1
| #define HAVE_LIBMYSQLCLIENT 1
| #define STDC_HEADERS 1
| #define HAVE_SYS_TYPES_H 1
| #define HAVE_SYS_STAT_H 1
| #define HAVE_STDLIB_H 1
| #define HAVE_STRING_H 1
| #define HAVE_MEMORY_H 1
| #define HAVE_STRINGS_H 1
| #define HAVE_INTTYPES_H 1
| #define HAVE_STDINT_H 1
| #define HAVE_UNISTD_H 1
| #define HAVE_ARPA_INET_H 1
| #define HAVE_INTTYPES_H 1
| #define HAVE_LIMITS_H 1
| #define HAVE_NETDB_H 1
| #define HAVE_NETINET_IN_H 1
| #define HAVE_STDINT_H 1
| #define HAVE_STDLIB_H 1
| #define HAVE_STRING_H 1
| #define HAVE_STRINGS_H 1
| #define HAVE_SYS_SOCKET_H 1
| #define HAVE_SYS_TIME_H 1
| #define HAVE_UNISTD_H 1
| #define HAVE_WCHAR_H 1
| #define HAVE__BOOL 1
| /* end confdefs.h.  */
| #include <stdio.h>
| #ifdef HAVE_SYS_TYPES_H
| # include <sys/types.h>
| #endif
| #ifdef HAVE_SYS_STAT_H
| # include <sys/stat.h>
| #endif
| #ifdef STDC_HEADERS
| # include <stdlib.h>
| # include <stddef.h>
| #else
| # ifdef HAVE_STDLIB_H
| #  include <stdlib.h>
| # endif
| #endif
| #ifdef HAVE_STRING_H
| # if !defined STDC_HEADERS && defined HAVE_MEMORY_H
| #  include <memory.h>
| # endif
| # include <string.h>
| #endif
| #ifdef HAVE_STRINGS_H
| # include <strings.h>
| #endif
| #ifdef HAVE_INTTYPES_H
| # include <inttypes.h>
| #endif
| #ifdef HAVE_STDINT_H
| # include <stdint.h>
| #endif
| #ifdef HAVE_UNISTD_H
| # include <unistd.h>
| #endif
| 	        enum { N = 64 / 2 - 1 };
| int
| main ()
| {
| static int test_array [1 - 2 * !((int64_t) (((((int64_t) 1 << N) << N) - 1) * 2 + 1)
| 		 < (int64_t) (((((int64_t) 1 << N) << N) - 1) * 2 + 2))];
| test_array [0] = 0;
| return test_array [0];
| 
|   ;
|   return 0;
| }
configure:5104: result: yes
configure:5115: checking for int8_t
configure:5115: gcc -c -g -O2  conftest.c >&5
configure:5115: $? = 0
configure:5115: gcc -c -g -O2  conftest.c >&5
conftest.c: In function 'main':
conftest.c:74:12: error: size of array 'test_array' is negative
 static int test_array [1 - 2 * !((int8_t) (((((int8_t) 1 << N) << N) - 1) * 2 + 1)
            ^~~~~~~~~~
configure:5115: $? = 1
configure: failed program was:
| /* confdefs.h */
| #define PACKAGE_NAME "bnuoj-dispatcher"
| #define PACKAGE_TARNAME "bnuoj-dispatcher"
| #define PACKAGE_VERSION "2.0.0"
| #define PACKAGE_STRING "bnuoj-dispatcher 2.0.0"
| #define PACKAGE_BUGREPORT "crccw@moonux.org"
| #define PACKAGE_URL ""
| #define PACKAGE "bnuoj-dispatcher"
| #define VERSION "2.0.0"
| #define HAVE_LIBPTHREAD 1
| #define HAVE_LIBMYSQLCLIENT 1
| #define STDC_HEADERS 1
| #define HAVE_SYS_TYPES_H 1
| #define HAVE_SYS_STAT_H 1
| #define HAVE_STDLIB_H 1
| #define HAVE_STRING_H 1
| #define HAVE_MEMORY_H 1
| #define HAVE_STRINGS_H 1
| #define HAVE_INTTYPES_H 1
| #define HAVE_STDINT_H 1
| #define HAVE_UNISTD_H 1
| #define HAVE_ARPA_INET_H 1
| #define HAVE_INTTYPES_H 1
| #define HAVE_LIMITS_H 1
| #define HAVE_NETDB_H 1
| #define HAVE_NETINET_IN_H 1
| #define HAVE_STDINT_H 1
| #define HAVE_STDLIB_H 1
| #define HAVE_STRING_H 1
| #define HAVE_STRINGS_H 1
| #define HAVE_SYS_SOCKET_H 1
| #define HAVE_SYS_TIME_H 1
| #define HAVE_UNISTD_H 1
| #define HAVE_WCHAR_H 1
| #define HAVE__BOOL 1
| /* end confdefs.h.  */
| #include <stdio.h>
| #ifdef HAVE_SYS_TYPES_H
| # include <sys/types.h>
| #endif
| #ifdef HAVE_SYS_STAT_H
| # include <sys/stat.h>
| #endif
| #ifdef STDC_HEADERS
| # include <stdlib.h>
| # include <stddef.h>
| #else
| # ifdef HAVE_STDLIB_H
| #  include <stdlib.h>
| # endif
| #endif
| #ifdef HAVE_STRING_H
| # if !defined STDC_HEADERS && defined HAVE_MEMORY_H
| #  include <memory.h>
| # endif
| # include <string.h>
| #endif
| #ifdef HAVE_STRINGS_H
| # include <strings.h>
| #endif
| #ifdef HAVE_INTTYPES_H
| # include <inttypes.h>
| #endif
| #ifdef HAVE_STDINT_H
| # include <stdint.h>
| #endif
| #ifdef HAVE_UNISTD_H
| # include <unistd.h>
| #endif
| 	        enum { N = 8 / 2 - 1 };
| int
| main ()
| {
| static int test_array [1 - 2 * !((int8_t) (((((int8_t) 1 << N) << N) - 1) * 2 + 1)
| 		 < (int8_t) (((((int8_t) 1 << N) << N) - 1) * 2 + 2))];
| test_array [0] = 0;
| return test_array [0];
| 
|   ;
|   return 0;
| }
configure:5115: result: yes
configure:5126: checking for size_t
configure:5126: gcc -c -g -O2  conftest.c >&5
configure:5126: $? = 0
configure:5126: gcc -c -g -O2  conftest.c >&5
conftest.c: In function 'main':
conftest.c:73:21: error: expected expression before ')' token
 if (sizeof ((size_t)))
                     ^
configure:5126: $? = 1
configure: failed program was:
| /* confdefs.h */
| #define PACKAGE_NAME "bnuoj-dispatcher"
| #define PACKAGE_TARNAME "bnuoj-dispatcher"
| #define PACKAGE_VERSION "2.0.0"
| #define PACKAGE_STRING "bnuoj-dispatcher 2.0.0"
| #define PACKAGE_BUGREPORT "crccw@moonux.org"
| #define PACKAGE_URL ""
| #define PACKAGE "bnuoj-dispatcher"
| #define VERSION "2.0.0"
| #define HAVE_LIBPTHREAD 1
| #define HAVE_LIBMYSQLCLIENT 1
| #define STDC_HEADERS 1
| #define HAVE_SYS_TYPES_H 1
| #define HAVE_SYS_STAT_H 1
| #define HAVE_STDLIB_H 1
| #define HAVE_STRING_H 1
| #define HAVE_MEMORY_H 1
| #define HAVE_STRINGS_H 1
| #define HAVE_INTTYPES_H 1
| #define HAVE_STDINT_H 1
| #define HAVE_UNISTD_H 1
| #define HAVE_ARPA_INET_H 1
| #define HAVE_INTTYPES_H 1
| #define HAVE_LIMITS_H 1
| #define HAVE_NETDB_H 1
| #define HAVE_NETINET_IN_H 1
| #define HAVE_STDINT_H 1
| #define HAVE_STDLIB_H 1
| #define HAVE_STRING_H 1
| #define HAVE_STRINGS_H 1
| #define HAVE_SYS_SOCKET_H 1
| #define HAVE_SYS_TIME_H 1
| #define HAVE_UNISTD_H 1
| #define HAVE_WCHAR_H 1
| #define HAVE__BOOL 1
| /* end confdefs.h.  */
| #include <stdio.h>
| #ifdef HAVE_SYS_TYPES_H
| # include <sys/types.h>
| #endif
| #ifdef HAVE_SYS_STAT_H
| # include <sys/stat.h>
| #endif
| #ifdef STDC_HEADERS
| # include <stdlib.h>
| # include <stddef.h>
| #else
| # ifdef HAVE_STDLIB_H
| #  include <stdlib.h>
| # endif
| #endif
| #ifdef HAVE_STRING_H
| # if !defined STDC_HEADERS && defined HAVE_MEMORY_H
| #  include <memory.h>
| # endif
| # include <string.h>
| #endif
| #ifdef HAVE_STRINGS_H
| # include <strings.h>
| #endif
| #ifdef HAVE_INTTYPES_H
| # include <inttypes.h>
| #endif
| #ifdef HAVE_STDINT_H
| # include <stdint.h>
| #endif
| #ifdef HAVE_UNISTD_H
| # include <unistd.h>
| #endif
| int
| main ()
| {
| if (sizeof ((size_t)))
| 	    return 0;
|   ;
|   return 0;
| }
configure:5126: result: yes
configure:5137: checking for ssize_t
configure:5137: gcc -c -g -O2  conftest.c >&5
configure:5137: $? = 0
configure:5137: gcc -c -g -O2  conftest.c >&5
conftest.c: In function 'main':
conftest.c:73:22: error: expected expression before ')' token
 if (sizeof ((ssize_t)))
                      ^
configure:5137: $? = 1
configure: failed program was:
| /* confdefs.h */
| #define PACKAGE_NAME "bnuoj-dispatcher"
| #define PACKAGE_TARNAME "bnuoj-dispatcher"
| #define PACKAGE_VERSION "2.0.0"
| #define PACKAGE_STRING "bnuoj-dispatcher 2.0.0"
| #define PACKAGE_BUGREPORT "crccw@moonux.org"
| #define PACKAGE_URL ""
| #define PACKAGE "bnuoj-dispatcher"
| #define VERSION "2.0.0"
| #define HAVE_LIBPTHREAD 1
| #define HAVE_LIBMYSQLCLIENT 1
| #define STDC_HEADERS 1
| #define HAVE_SYS_TYPES_H 1
| #define HAVE_SYS_STAT_H 1
| #define HAVE_STDLIB_H 1
| #define HAVE_STRING_H 1
| #define HAVE_MEMORY_H 1
| #define HAVE_STRINGS_H 1
| #define HAVE_INTTYPES_H 1
| #define HAVE_STDINT_H 1
| #define HAVE_UNISTD_H 1
| #define HAVE_ARPA_INET_H 1
| #define HAVE_INTTYPES_H 1
| #define HAVE_LIMITS_H 1
| #define HAVE_NETDB_H 1
| #define HAVE_NETINET_IN_H 1
| #define HAVE_STDINT_H 1
| #define HAVE_STDLIB_H 1
| #define HAVE_STRING_H 1
| #define HAVE_STRINGS_H 1
| #define HAVE_SYS_SOCKET_H 1
| #define HAVE_SYS_TIME_H 1
| #define HAVE_UNISTD_H 1
| #define HAVE_WCHAR_H 1
| #define HAVE__BOOL 1
| /* end confdefs.h.  */
| #include <stdio.h>
| #ifdef HAVE_SYS_TYPES_H
| # include <sys/types.h>
| #endif
| #ifdef HAVE_SYS_STAT_H
| # include <sys/stat.h>
| #endif
| #ifdef STDC_HEADERS
| # include <stdlib.h>
| # include <stddef.h>
| #else
| # ifdef HAVE_STDLIB_H
| #  include <stdlib.h>
| # endif
| #endif
| #ifdef HAVE_STRING_H
| # if !defined STDC_HEADERS && defined HAVE_MEMORY_H
| #  include <memory.h>
| # endif
| # include <string.h>
| #endif
| #ifdef HAVE_STRINGS_H
| # include <strings.h>
| #endif
| #ifdef HAVE_INTTYPES_H
| # include <inttypes.h>
| #endif
| #ifdef HAVE_STDINT_H
| # include <stdint.h>
| #endif
| #ifdef HAVE_UNISTD_H
| # include <unistd.h>
| #endif
| int
| main ()
| {
| if (sizeof ((ssize_t)))
| 	    return 0;
|   ;
|   return 0;
| }
configure:5137: result: yes
configure:5148: checking for uint16_t
configure:5148: gcc -c -g -O2  conftest.c >&5
configure:5148: $? = 0
configure:5148: result: yes
configure:5160: checking for uint32_t
configure:5160: gcc -c -g -O2  conftest.c >&5
configure:5160: $? = 0
configure:5160: result: yes
configure:5174: checking for uint64_t
configure:5174: gcc -c -g -O2  conftest.c >&5
configure:5174: $? = 0
configure:5174: result: yes
configure:5188: checking for uint8_t
configure:5188: gcc -c -g -O2  conftest.c >&5
configure:5188: $? = 0
configure:5188: result: yes
configure:5202: checking for ptrdiff_t
configure:5202: gcc -c -g -O2  conftest.c >&5
configure:5202: $? = 0
configure:5202: gcc -c -g -O2  conftest.c >&5
conftest.c: In function 'main':
conftest.c:73:24: error: expected expression before ')' token
 if (sizeof ((ptrdiff_t)))
                        ^
configure:5202: $? = 1
configure: failed program was:
| /* confdefs.h */
| #define PACKAGE_NAME "bnuoj-dispatcher"
| #define PACKAGE_TARNAME "bnuoj-dispatcher"
| #define PACKAGE_VERSION "2.0.0"
| #define PACKAGE_STRING "bnuoj-dispatcher 2.0.0"
| #define PACKAGE_BUGREPORT "crccw@moonux.org"
| #define PACKAGE_URL ""
| #define PACKAGE "bnuoj-dispatcher"
| #define VERSION "2.0.0"
| #define HAVE_LIBPTHREAD 1
| #define HAVE_LIBMYSQLCLIENT 1
| #define STDC_HEADERS 1
| #define HAVE_SYS_TYPES_H 1
| #define HAVE_SYS_STAT_H 1
| #define HAVE_STDLIB_H 1
| #define HAVE_STRING_H 1
| #define HAVE_MEMORY_H 1
| #define HAVE_STRINGS_H 1
| #define HAVE_INTTYPES_H 1
| #define HAVE_STDINT_H 1
| #define HAVE_UNISTD_H 1
| #define HAVE_ARPA_INET_H 1
| #define HAVE_INTTYPES_H 1
| #define HAVE_LIMITS_H 1
| #define HAVE_NETDB_H 1
| #define HAVE_NETINET_IN_H 1
| #define HAVE_STDINT_H 1
| #define HAVE_STDLIB_H 1
| #define HAVE_STRING_H 1
| #define HAVE_STRINGS_H 1
| #define HAVE_SYS_SOCKET_H 1
| #define HAVE_SYS_TIME_H 1
| #define HAVE_UNISTD_H 1
| #define HAVE_WCHAR_H 1
| #define HAVE__BOOL 1
| /* end confdefs.h.  */
| #include <stdio.h>
| #ifdef HAVE_SYS_TYPES_H
| # include <sys/types.h>
| #endif
| #ifdef HAVE_SYS_STAT_H
| # include <sys/stat.h>
| #endif
| #ifdef STDC_HEADERS
| # include <stdlib.h>
| # include <stddef.h>
| #else
| # ifdef HAVE_STDLIB_H
| #  include <stdlib.h>
| # endif
| #endif
| #ifdef HAVE_STRING_H
| # if !defined STDC_HEADERS && defined HAVE_MEMORY_H
| #  include <memory.h>
| # endif
| # include <string.h>
| #endif
| #ifdef HAVE_STRINGS_H
| # include <strings.h>
| #endif
| #ifdef HAVE_INTTYPES_H
| # include <inttypes.h>
| #endif
| #ifdef HAVE_STDINT_H
| # include <stdint.h>
| #endif
| #ifdef HAVE_UNISTD_H
| # include <unistd.h>
| #endif
| int
| main ()
| {
| if (sizeof ((ptrdiff_t)))
| 	    return 0;
|   ;
|   return 0;
| }
configure:5202: result: yes
configure:5214: checking for pid_t
configure:5214: gcc -c -g -O2  conftest.c >&5
configure:5214: $? = 0
configure:5214: gcc -c -g -O2  conftest.c >&5
conftest.c: In function 'main':
conftest.c:74:20: error: expected expression before ')' token
 if (sizeof ((pid_t)))
                    ^
configure:5214: $? = 1
configure: failed program was:
| /* confdefs.h */
| #define PACKAGE_NAME "bnuoj-dispatcher"
| #define PACKAGE_TARNAME "bnuoj-dispatcher"
| #define PACKAGE_VERSION "2.0.0"
| #define PACKAGE_STRING "bnuoj-dispatcher 2.0.0"
| #define PACKAGE_BUGREPORT "crccw@moonux.org"
| #define PACKAGE_URL ""
| #define PACKAGE "bnuoj-dispatcher"
| #define VERSION "2.0.0"
| #define HAVE_LIBPTHREAD 1
| #define HAVE_LIBMYSQLCLIENT 1
| #define STDC_HEADERS 1
| #define HAVE_SYS_TYPES_H 1
| #define HAVE_SYS_STAT_H 1
| #define HAVE_STDLIB_H 1
| #define HAVE_STRING_H 1
| #define HAVE_MEMORY_H 1
| #define HAVE_STRINGS_H 1
| #define HAVE_INTTYPES_H 1
| #define HAVE_STDINT_H 1
| #define HAVE_UNISTD_H 1
| #define HAVE_ARPA_INET_H 1
| #define HAVE_INTTYPES_H 1
| #define HAVE_LIMITS_H 1
| #define HAVE_NETDB_H 1
| #define HAVE_NETINET_IN_H 1
| #define HAVE_STDINT_H 1
| #define HAVE_STDLIB_H 1
| #define HAVE_STRING_H 1
| #define HAVE_STRINGS_H 1
| #define HAVE_SYS_SOCKET_H 1
| #define HAVE_SYS_TIME_H 1
| #define HAVE_UNISTD_H 1
| #define HAVE_WCHAR_H 1
| #define HAVE__BOOL 1
| #define HAVE_PTRDIFF_T 1
| /* end confdefs.h.  */
| #include <stdio.h>
| #ifdef HAVE_SYS_TYPES_H
| # include <sys/types.h>
| #endif
| #ifdef HAVE_SYS_STAT_H
| # include <sys/stat.h>
| #endif
| #ifdef STDC_HEADERS
| # include <stdlib.h>
| # include <stddef.h>
| #else
| # ifdef HAVE_STDLIB_H
| #  include <stdlib.h>
| # endif
| #endif
| #ifdef HAVE_STRING_H
| # if !defined STDC_HEADERS && defined HAVE_MEMORY_H
| #  include <memory.h>
| # endif
| # include <string.h>
| #endif
| #ifdef HAVE_STRINGS_H
| # include <strings.h>
| #endif
| #ifdef HAVE_INTTYPES_H
| # include <inttypes.h>
| #endif
| #ifdef HAVE_STDINT_H
| # include <stdint.h>
| #endif
| #ifdef HAVE_UNISTD_H
| # include <unistd.h>
| #endif
| int
| main ()
| {
| if (sizeof ((pid_t)))
| 	    return 0;
|   ;
|   return 0;
| }
configure:5214: result: yes
configure:5227: checking vfork.h usability
configure:5227: gcc -c -g -O2  conftest.c >&5
conftest.c:71:19: fatal error: vfork.h: No such file or directory
 #include <vfork.h>
                   ^
compilation terminated.
configure:5227: $? = 1
configure: failed program was:
| /* confdefs.h */
| #define PACKAGE_NAME "bnuoj-dispatcher"
| #define PACKAGE_TARNAME "bnuoj-dispatcher"
| #define PACKAGE_VERSION "2.0.0"
| #define PACKAGE_STRING "bnuoj-dispatcher 2.0.0"
| #define PACKAGE_BUGREPORT "crccw@moonux.org"
| #define PACKAGE_URL ""
| #define PACKAGE "bnuoj-dispatcher"
| #define VERSION "2.0.0"
| #define HAVE_LIBPTHREAD 1
| #define HAVE_LIBMYSQLCLIENT 1
| #define STDC_HEADERS 1
| #define HAVE_SYS_TYPES_H 1
| #define HAVE_SYS_STAT_H 1
| #define HAVE_STDLIB_H 1
| #define HAVE_STRING_H 1
| #define HAVE_MEMORY_H 1
| #define HAVE_STRINGS_H 1
| #define HAVE_INTTYPES_H 1
| #define HAVE_STDINT_H 1
| #define HAVE_UNISTD_H 1
| #define HAVE_ARPA_INET_H 1
| #define HAVE_INTTYPES_H 1
| #define HAVE_LIMITS_H 1
| #define HAVE_NETDB_H 1
| #define HAVE_NETINET_IN_H 1
| #define HAVE_STDINT_H 1
| #define HAVE_STDLIB_H 1
| #define HAVE_STRING_H 1
| #define HAVE_STRINGS_H 1
| #define HAVE_SYS_SOCKET_H 1
| #define HAVE_SYS_TIME_H 1
| #define HAVE_UNISTD_H 1
| #define HAVE_WCHAR_H 1
| #define HAVE__BOOL 1
| #define HAVE_PTRDIFF_T 1
| /* end confdefs.h.  */
| #include <stdio.h>
| #ifdef HAVE_SYS_TYPES_H
| # include <sys/types.h>
| #endif
| #ifdef HAVE_SYS_STAT_H
| # include <sys/stat.h>
| #endif
| #ifdef STDC_HEADERS
| # include <stdlib.h>
| # include <stddef.h>
| #else
| # ifdef HAVE_STDLIB_H
| #  include <stdlib.h>
| # endif
| #endif
| #ifdef HAVE_STRING_H
| # if !defined STDC_HEADERS && defined HAVE_MEMORY_H
| #  include <memory.h>
| # endif
| # include <string.h>
| #endif
| #ifdef HAVE_STRINGS_H
| # include <strings.h>
| #endif
| #ifdef HAVE_INTTYPES_H
| # include <inttypes.h>
| #endif
| #ifdef HAVE_STDINT_H
| # include <stdint.h>
| #endif
| #ifdef HAVE_UNISTD_H
| # include <unistd.h>
| #endif
| #include <vfork.h>
configure:5227: result: no
configure:5227: checking vfork.h presence
configure:5227: gcc -E  conftest.c
conftest.c:38:19: fatal error: vfork.h: No such file or directory
 #include <vfork.h>
                   ^
compilation terminated.
configure:5227: $? = 1
configure: failed program was:
| /* confdefs.h */
| #define PACKAGE_NAME "bnuoj-dispatcher"
| #define PACKAGE_TARNAME "bnuoj-dispatcher"
| #define PACKAGE_VERSION "2.0.0"
| #define PACKAGE_STRING "bnuoj-dispatcher 2.0.0"
| #define PACKAGE_BUGREPORT "crccw@moonux.org"
| #define PACKAGE_URL ""
| #define PACKAGE "bnuoj-dispatcher"
| #define VERSION "2.0.0"
| #define HAVE_LIBPTHREAD 1
| #define HAVE_LIBMYSQLCLIENT 1
| #define STDC_HEADERS 1
| #define HAVE_SYS_TYPES_H 1
| #define HAVE_SYS_STAT_H 1
| #define HAVE_STDLIB_H 1
| #define HAVE_STRING_H 1
| #define HAVE_MEMORY_H 1
| #define HAVE_STRINGS_H 1
| #define HAVE_INTTYPES_H 1
| #define HAVE_STDINT_H 1
| #define HAVE_UNISTD_H 1
| #define HAVE_ARPA_INET_H 1
| #define HAVE_INTTYPES_H 1
| #define HAVE_LIMITS_H 1
| #define HAVE_NETDB_H 1
| #define HAVE_NETINET_IN_H 1
| #define HAVE_STDINT_H 1
| #define HAVE_STDLIB_H 1
| #define HAVE_STRING_H 1
| #define HAVE_STRINGS_H 1
| #define HAVE_SYS_SOCKET_H 1
| #define HAVE_SYS_TIME_H 1
| #define HAVE_UNISTD_H 1
| #define HAVE_WCHAR_H 1
| #define HAVE__BOOL 1
| #define HAVE_PTRDIFF_T 1
| /* end confdefs.h.  */
| #include <vfork.h>
configure:5227: result: no
configure:5227: checking for vfork.h
configure:5227: result: no
configure:5240: checking for fork
configure:5240: gcc -o conftest -g -O2   conftest.c -lmysqlclient -lpthread  >&5
conftest.c:61:6: warning: conflicting types for built-in function 'fork'
 char fork ();
      ^~~~
configure:5240: $? = 0
configure:5240: result: yes
configure:5240: checking for vfork
configure:5240: gcc -o conftest -g -O2   conftest.c -lmysqlclient -lpthread  >&5
configure:5240: $? = 0
configure:5240: result: yes
configure:5250: checking for working fork
configure:5272: gcc -o conftest -g -O2   conftest.c -lmysqlclient -lpthread  >&5
configure:5272: $? = 0
configure:5272: ./conftest
configure:5272: $? = 0
configure:5282: result: yes
configure:5303: checking for working vfork
configure:5413: result: yes
configure:5440: checking for stdlib.h
configure:5440: result: yes
configure:5450: checking for GNU libc compatible malloc
configure:5474: gcc -o conftest -g -O2   conftest.c -lmysqlclient -lpthread  >&5
configure:5474: $? = 0
configure:5474: ./conftest
configure:5474: $? = 0
configure:5484: result: yes
configure:5507: checking for stdlib.h
configure:5507: result: yes
configure:5517: checking for GNU libc compatible realloc
configure:5541: gcc -o conftest -g -O2   conftest.c -lmysqlclient -lpthread  >&5
configure:5541: $? = 0
configure:5541: ./conftest
configure:5541: $? = 0
configure:5551: result: yes
configure:5575: checking for bzero
configure:5575: gcc -o conftest -g -O2   conftest.c -lmysqlclient -lpthread  >&5
conftest.c:69:6: warning: conflicting types for built-in function 'bzero'
 char bzero ();
      ^~~~~
configure:5575: $? = 0
configure:5575: result: yes
configure:5575: checking for gettimeofday
configure:5575: gcc -o conftest -g -O2   conftest.c -lmysqlclient -lpthread  >&5
configure:5575: $? = 0
configure:5575: result: yes
configure:5575: checking for inet_ntoa
configure:5575: gcc -o conftest -g -O2   conftest.c -lmysqlclient -lpthread  >&5
configure:5575: $? = 0
configure:5575: result: yes
configure:5575: checking for memmove
configure:5575: gcc -o conftest -g -O2   conftest.c -lmysqlclient -lpthread  >&5
conftest.c:72:6: warning: conflicting types for built-in function 'memmove'
 char memmove ();
      ^~~~~~~
configure:5575: $? = 0
configure:5575: result: yes
configure:5575: checking for memset
configure:5575: gcc -o conftest -g -O2   conftest.c -lmysqlclient -lpthread  >&5
conftest.c:73:6: warning: conflicting types for built-in function 'memset'
 char memset ();
      ^~~~~~
configure:5575: $? = 0
configure:5575: result: yes
configure:5575: checking for socket
configure:5575: gcc -o conftest -g -O2   conftest.c -lmysqlclient -lpthread  >&5
configure:5575: $? = 0
configure:5575: result: yes
configure:5575: checking for strchr
configure:5575: gcc -o conftest -g -O2   conftest.c -lmysqlclient -lpthread  >&5
conftest.c:75:6: warning: conflicting types for built-in function 'strchr'
 char strchr ();
      ^~~~~~
configure:5575: $? = 0
configure:5575: result: yes
configure:5700: checking that generated files are newer than configure
configure:5706: result: done
configure:5733: creating ./config.status

## ---------------------- ##
## Running config.status. ##
## ---------------------- ##

This file was extended by bnuoj-dispatcher config.status 2.0.0, which was
generated by GNU Autoconf 2.69.  Invocation command line was

  CONFIG_FILES    = 
  CONFIG_HEADERS  = 
  CONFIG_LINKS    = 
  CONFIG_COMMANDS = 
  $ ./config.status 

on dr

config.status:894: creating Makefile
config.status:894: creating src/Makefile
config.status:894: creating config.h
config.status:1123: executing depfiles commands

## ---------------- ##
## Cache variables. ##
## ---------------- ##

ac_cv_c_compiler_gnu=yes
ac_cv_c_inline=inline
ac_cv_c_int16_t=yes
ac_cv_c_int32_t=yes
ac_cv_c_int64_t=yes
ac_cv_c_int8_t=yes
ac_cv_c_uint16_t=yes
ac_cv_c_uint32_t=yes
ac_cv_c_uint64_t=yes
ac_cv_c_uint8_t=yes
ac_cv_cxx_compiler_gnu=yes
ac_cv_env_CCC_set=
ac_cv_env_CCC_value=
ac_cv_env_CC_set=
ac_cv_env_CC_value=
ac_cv_env_CFLAGS_set=
ac_cv_env_CFLAGS_value=
ac_cv_env_CPPFLAGS_set=
ac_cv_env_CPPFLAGS_value=
ac_cv_env_CPP_set=
ac_cv_env_CPP_value=
ac_cv_env_CXXFLAGS_set=
ac_cv_env_CXXFLAGS_value=
ac_cv_env_CXX_set=
ac_cv_env_CXX_value=
ac_cv_env_LDFLAGS_set=
ac_cv_env_LDFLAGS_value=
ac_cv_env_LIBS_set=
ac_cv_env_LIBS_value=
ac_cv_env_build_alias_set=
ac_cv_env_build_alias_value=
ac_cv_env_host_alias_set=
ac_cv_env_host_alias_value=
ac_cv_env_target_alias_set=
ac_cv_env_target_alias_value=
ac_cv_func_bzero=yes
ac_cv_func_fork=yes
ac_cv_func_fork_works=yes
ac_cv_func_gettimeofday=yes
ac_cv_func_inet_ntoa=yes
ac_cv_func_malloc_0_nonnull=yes
ac_cv_func_memmove=yes
ac_cv_func_memset=yes
ac_cv_func_realloc_0_nonnull=yes
ac_cv_func_socket=yes
ac_cv_func_strchr=yes
ac_cv_func_vfork=yes
ac_cv_func_vfork_works=yes
ac_cv_header_arpa_inet_h=yes
ac_cv_header_inttypes_h=yes
ac_cv_header_limits_h=yes
ac_cv_header_memory_h=yes
ac_cv_header_netdb_h=yes
ac_cv_header_netinet_in_h=yes
ac_cv_header_stdbool_h=yes
ac_cv_header_stdc=yes
ac_cv_header_stdint_h=yes
ac_cv_header_stdlib_h=yes
ac_cv_header_string_h=yes
ac_cv_header_strings_h=yes
ac_cv_header_sys_socket_h=yes
ac_cv_header_sys_stat_h=yes
ac_cv_header_sys_time_h=yes
ac_cv_header_sys_types_h=yes
ac_cv_header_unistd_h=yes
ac_cv_header_vfork_h=no
ac_cv_header_wchar_h=yes
ac_cv_lib_mysqlclient_mysql_init=yes
ac_cv_lib_pthread_pthread_create=yes
ac_cv_objext=o
ac_cv_path_EGREP='/usr/bin/grep -E'
ac_cv_path_GREP=/usr/bin/grep
ac_cv_path_install='/usr/bin/install -c'
ac_cv_path_mkdir=/usr/bin/mkdir
ac_cv_prog_AWK=gawk
ac_cv_prog_CPP='gcc -E'
ac_cv_prog_ac_ct_CC=gcc
ac_cv_prog_ac_ct_CXX=g++
ac_cv_prog_cc_c89=
ac_cv_prog_cc_g=yes
ac_cv_prog_cxx_g=yes
ac_cv_prog_make_make_set=yes
ac_cv_type__Bool=yes
ac_cv_type_pid_t=yes
ac_cv_type_ptrdiff_t=yes
ac_cv_type_size_t=yes
ac_cv_type_ssize_t=yes
am_cv_CC_dependencies_compiler_type=gcc3
am_cv_CXX_dependencies_compiler_type=gcc3
am_cv_make_support_nested_variables=yes
am_cv_prog_cc_c_o=yes

## ----------------- ##
## Output variables. ##
## ----------------- ##

ACLOCAL='${SHELL} /tmp/bnuoj-backend/dispatcher-v2/missing aclocal-1.15'
AMDEPBACKSLASH='\'
AMDEP_FALSE='#'
AMDEP_TRUE=''
AMTAR='$${TAR-tar}'
AM_BACKSLASH='\'
AM_DEFAULT_V='$(AM_DEFAULT_VERBOSITY)'
AM_DEFAULT_VERBOSITY='1'
AM_V='$(V)'
AUTOCONF='${SHELL} /tmp/bnuoj-backend/dispatcher-v2/missing autoconf'
AUTOHEADER='${SHELL} /tmp/bnuoj-backend/dispatcher-v2/missing autoheader'
AUTOMAKE='${SHELL} /tmp/bnuoj-backend/dispatcher-v2/missing automake-1.15'
AWK='gawk'
CC='gcc'
CCDEPMODE='depmode=gcc3'
CFLAGS='-g -O2'
CPP='gcc -E'
CPPFLAGS=''
CXX='g++'
CXXDEPMODE='depmode=gcc3'
CXXFLAGS='-g -O2'
CYGPATH_W='echo'
DEFS='-DHAVE_CONFIG_H'
DEPDIR='.deps'
ECHO_C=''
ECHO_N='-n'
ECHO_T=''
EGREP='/usr/bin/grep -E'
EXEEXT=''
GREP='/usr/bin/grep'
INSTALL_DATA='${INSTALL} -m 644'
INSTALL_PROGRAM='${INSTALL}'
INSTALL_SCRIPT='${INSTALL}'
INSTALL_STRIP_PROGRAM='$(install_sh) -c -s'
LDFLAGS=''
LIBOBJS=''
LIBS='-lmysqlclient -lpthread '
LTLIBOBJS=''
MAINT='#'
MAINTAINER_MODE_FALSE=''
MAINTAINER_MODE_TRUE='#'
MAKEINFO='${SHELL} /tmp/bnuoj-backend/dispatcher-v2/missing makeinfo'
MKDIR_P='/usr/bin/mkdir -p'
OBJEXT='o'
PACKAGE='bnuoj-dispatcher'
PACKAGE_BUGREPORT='crccw@moonux.org'
PACKAGE_NAME='bnuoj-dispatcher'
PACKAGE_STRING='bnuoj-dispatcher 2.0.0'
PACKAGE_TARNAME='bnuoj-dispatcher'
PACKAGE_URL=''
PACKAGE_VERSION='2.0.0'
PATH_SEPARATOR=':'
SET_MAKE=''
SHELL='/bin/sh'
STRIP=''
VERSION='2.0.0'
ac_ct_CC='gcc'
ac_ct_CXX='g++'
am__EXEEXT_FALSE=''
am__EXEEXT_TRUE='#'
am__fastdepCC_FALSE='#'
am__fastdepCC_TRUE=''
am__fastdepCXX_FALSE='#'
am__fastdepCXX_TRUE=''
am__include='include'
am__isrc=''
am__leading_dot='.'
am__nodep='_no'
am__quote=''
am__tar='$${TAR-tar} chof - "$$tardir"'
am__untar='$${TAR-tar} xf -'
bindir='${exec_prefix}/bin'
build_alias=''
datadir='${datarootdir}'
datarootdir='${prefix}/share'
docdir='${datarootdir}/doc/${PACKAGE_TARNAME}'
dvidir='${docdir}'
exec_prefix='${prefix}'
host_alias=''
htmldir='${docdir}'
includedir='${prefix}/include'
infodir='${datarootdir}/info'
install_sh='${SHELL} /tmp/bnuoj-backend/dispatcher-v2/install-sh'
libdir='${exec_prefix}/lib'
libexecdir='${exec_prefix}/libexec'
localedir='${datarootdir}/locale'
localstatedir='${prefix}/var'
mandir='${datarootdir}/man'
mkdir_p='$(MKDIR_P)'
oldincludedir='/usr/include'
pdfdir='${docdir}'
prefix='/usr/local'
program_transform_name='s,x,x,'
psdir='${docdir}'
sbindir='${exec_prefix}/sbin'
sharedstatedir='${prefix}/com'
sysconfdir='${prefix}/etc'
target_alias=''

## ----------- ##
## confdefs.h. ##
## ----------- ##

/* confdefs.h */
#define PACKAGE_NAME "bnuoj-dispatcher"
#define PACKAGE_TARNAME "bnuoj-dispatcher"
#define PACKAGE_VERSION "2.0.0"
#define PACKAGE_STRING "bnuoj-dispatcher 2.0.0"
#define PACKAGE_BUGREPORT "crccw@moonux.org"
#define PACKAGE_URL ""
#define PACKAGE "bnuoj-dispatcher"
#define VERSION "2.0.0"
#define HAVE_LIBPTHREAD 1
#define HAVE_LIBMYSQLCLIENT 1
#define STDC_HEADERS 1
#define HAVE_SYS_TYPES_H 1
#define HAVE_SYS_STAT_H 1
#define HAVE_STDLIB_H 1
#define HAVE_STRING_H 1
#define HAVE_MEMORY_H 1
#define HAVE_STRINGS_H 1
#define HAVE_INTTYPES_H 1
#define HAVE_STDINT_H 1
#define HAVE_UNISTD_H 1
#define HAVE_ARPA_INET_H 1
#define HAVE_INTTYPES_H 1
#define HAVE_LIMITS_H 1
#define HAVE_NETDB_H 1
#define HAVE_NETINET_IN_H 1
#define HAVE_STDINT_H 1
#define HAVE_STDLIB_H 1
#define HAVE_STRING_H 1
#define HAVE_STRINGS_H 1
#define HAVE_SYS_SOCKET_H 1
#define HAVE_SYS_TIME_H 1
#define HAVE_UNISTD_H 1
#define HAVE_WCHAR_H 1
#define HAVE__BOOL 1
#define HAVE_PTRDIFF_T 1
#define HAVE_FORK 1
#define HAVE_VFORK 1
#define HAVE_WORKING_VFORK 1
#define HAVE_WORKING_FORK 1
#define HAVE_STDLIB_H 1
#define HAVE_MALLOC 1
#define HAVE_STDLIB_H 1
#define HAVE_REALLOC 1
#define HAVE_BZERO 1
#define HAVE_GETTIMEOFDAY 1
#define HAVE_INET_NTOA 1
#define HAVE_MEMMOVE 1
#define HAVE_MEMSET 1
#define HAVE_SOCKET 1
#define HAVE_STRCHR 1

configure: exit 0
