2017-03-20 09:39:45 Main[4843]: Successfully connected.
2017-03-20 09:39:49 Main[4843]: Runid: 12 Type: 2
2017-03-20 09:39:49 Main[4843]: Sending results/12
2017-03-20 09:39:49 Main[4843]: Sent.
2017-03-20 09:51:31 Main[4843]: Runid: 14 Type: 2
2017-03-20 09:51:31 Main[4843]: Sending results/14
2017-03-20 09:51:31 Main[4843]: Sent.
2017-03-20 09:52:41 Main[4843]: Runid: 14 Type: 2
2017-03-20 09:52:41 Main[4843]: Checking testdata/15/dining.10
2017-03-20 09:52:41 Main[4843]: Checking testdata/15/dining.1
2017-03-20 09:52:41 Main[4843]: Checking testdata/15/dining.2
2017-03-20 09:52:41 Main[4843]: Checking testdata/15/dining.3
2017-03-20 09:52:41 Main[4843]: Checking testdata/15/dining.4
2017-03-20 09:52:41 Main[4843]: Checking testdata/15/dining.5
2017-03-20 09:52:41 Main[4843]: Checking testdata/15/dining.6
2017-03-20 09:52:41 Main[4843]: Checking testdata/15/dining.7
2017-03-20 09:52:41 Main[4843]: Checking testdata/15/dining.8
2017-03-20 09:52:41 Main[4843]: Checking testdata/15/dining.9
2017-03-20 09:52:41 Main[4843]: Do testdata/15/dining.10
2017-03-20 09:52:41 Main[4843]: Compiling tmpfile/ttybvodbam.cpp
2017-03-20 09:52:41 Main[4843]: Compile Child Process: 5933
2017-03-20 09:52:41 Main[4843]: Compile time limit: 10
2017-03-20 09:52:41 Main[4843]: Compiling Used: 0
2017-03-20 09:52:42 Main[4843]: Compiled
2017-03-20 09:52:42 Main[4843]: Watch Child Process: 5947
2017-03-20 09:52:42 Sandbox[5947]: Program Child Process: 5948
2017-03-20 09:52:42 Sandbox[5947]: Running program
2017-03-20 09:52:42 Runner[5948]: Time limit for this program is 2
2017-03-20 09:52:42 Sandbox[5947]: Used time: 3
2017-03-20 09:52:42 Sandbox[5947]: Used Memory: 671744
2017-03-20 09:52:42 Sandbox[5947]: Run status: 0
2017-03-20 09:52:42 Main[4843]: Running Used: 0
2017-03-20 09:52:42 Main[4843]: Runned.
2017-03-20 09:52:42 Main[4843]: Comparing tmpfile/dlgaqbgmjf and tmpfile/svjdvimoyw
2017-03-20 09:52:42 Main[4843]: Expected 9, Found 1 Not AC.
2017-03-20 09:52:42 Main[4843]: Expected 9, Found 1 Not PE.
2017-03-20 09:52:42 Main[4843]: Sending results/14
2017-03-20 09:52:42 Main[4843]: Sent.
2017-03-20 09:53:36 Main[4843]: Runid: 15 Type: 2
2017-03-20 09:53:36 Main[4843]: Checking testdata/15/dining.10
2017-03-20 09:53:36 Main[4843]: Checking testdata/15/dining.1
2017-03-20 09:53:36 Main[4843]: Checking testdata/15/dining.2
2017-03-20 09:53:36 Main[4843]: Checking testdata/15/dining.3
2017-03-20 09:53:36 Main[4843]: Checking testdata/15/dining.4
2017-03-20 09:53:36 Main[4843]: Checking testdata/15/dining.5
2017-03-20 09:53:36 Main[4843]: Checking testdata/15/dining.6
2017-03-20 09:53:36 Main[4843]: Checking testdata/15/dining.7
2017-03-20 09:53:36 Main[4843]: Checking testdata/15/dining.8
2017-03-20 09:53:36 Main[4843]: Checking testdata/15/dining.9
2017-03-20 09:53:36 Main[4843]: Do testdata/15/dining.10
2017-03-20 09:53:36 Main[4843]: Compiling tmpfile/wudnvfokhc.cpp
2017-03-20 09:53:36 Main[4843]: Compile Child Process: 6075
2017-03-20 09:53:36 Main[4843]: Compile time limit: 10
2017-03-20 09:53:36 Main[4843]: Compiling Used: 0
2017-03-20 09:53:36 Main[4843]: Compiled
2017-03-20 09:53:36 Main[4843]: Watch Child Process: 6089
2017-03-20 09:53:36 Sandbox[6089]: Program Child Process: 6090
2017-03-20 09:53:36 Sandbox[6089]: Running program
2017-03-20 09:53:36 Runner[6090]: Time limit for this program is 2
2017-03-20 09:53:36 Sandbox[6089]: Used time: 23
2017-03-20 09:53:36 Sandbox[6089]: Used Memory: 1339392
2017-03-20 09:53:36 Sandbox[6089]: Run status: 0
2017-03-20 09:53:36 Main[4843]: Running Used: 0
2017-03-20 09:53:36 Main[4843]: Runned.
2017-03-20 09:53:37 Main[4843]: Comparing tmpfile/gprzaapcme and tmpfile/dmoivcxhck
2017-03-20 09:53:37 Main[4843]: Do testdata/15/dining.1
2017-03-20 09:53:37 Main[4843]: Watch Child Process: 6102
2017-03-20 09:53:37 Sandbox[6102]: Program Child Process: 6103
2017-03-20 09:53:37 Sandbox[6102]: Running program
2017-03-20 09:53:37 Runner[6103]: Time limit for this program is 2
2017-03-20 09:53:37 Sandbox[6102]: Used time: 0
2017-03-20 09:53:37 Sandbox[6102]: Used Memory: 1339392
2017-03-20 09:53:37 Sandbox[6102]: Run status: 0
2017-03-20 09:53:37 Main[4843]: Running Used: 0
2017-03-20 09:53:37 Main[4843]: Runned.
2017-03-20 09:53:37 Main[4843]: Comparing tmpfile/gprzaapcme and tmpfile/dmoivcxhck
2017-03-20 09:53:37 Main[4843]: Do testdata/15/dining.2
2017-03-20 09:53:37 Main[4843]: Watch Child Process: 6113
2017-03-20 09:53:37 Sandbox[6113]: Program Child Process: 6114
2017-03-20 09:53:37 Sandbox[6113]: Running program
2017-03-20 09:53:37 Runner[6114]: Time limit for this program is 2
2017-03-20 09:53:37 Sandbox[6113]: Used time: 0
2017-03-20 09:53:37 Sandbox[6113]: Used Memory: 1339392
2017-03-20 09:53:37 Sandbox[6113]: Run status: 0
2017-03-20 09:53:37 Main[4843]: Running Used: 0
2017-03-20 09:53:37 Main[4843]: Runned.
2017-03-20 09:53:37 Main[4843]: Comparing tmpfile/gprzaapcme and tmpfile/dmoivcxhck
2017-03-20 09:53:37 Main[4843]: Do testdata/15/dining.3
2017-03-20 09:53:37 Main[4843]: Watch Child Process: 6124
2017-03-20 09:53:37 Sandbox[6124]: Program Child Process: 6125
2017-03-20 09:53:37 Sandbox[6124]: Running program
2017-03-20 09:53:37 Runner[6125]: Time limit for this program is 2
2017-03-20 09:53:37 Sandbox[6124]: Used time: 3
2017-03-20 09:53:37 Sandbox[6124]: Used Memory: 1339392
2017-03-20 09:53:37 Sandbox[6124]: Run status: 0
2017-03-20 09:53:37 Main[4843]: Running Used: 0
2017-03-20 09:53:37 Main[4843]: Runned.
2017-03-20 09:53:37 Main[4843]: Comparing tmpfile/gprzaapcme and tmpfile/dmoivcxhck
2017-03-20 09:53:37 Main[4843]: Do testdata/15/dining.4
2017-03-20 09:53:37 Main[4843]: Watch Child Process: 6135
2017-03-20 09:53:37 Sandbox[6135]: Program Child Process: 6136
2017-03-20 09:53:37 Sandbox[6135]: Running program
2017-03-20 09:53:37 Runner[6136]: Time limit for this program is 2
2017-03-20 09:53:37 Sandbox[6135]: Used time: 6
2017-03-20 09:53:37 Sandbox[6135]: Used Memory: 1339392
2017-03-20 09:53:37 Sandbox[6135]: Run status: 0
2017-03-20 09:53:37 Main[4843]: Running Used: 0
2017-03-20 09:53:37 Main[4843]: Runned.
2017-03-20 09:53:37 Main[4843]: Comparing tmpfile/gprzaapcme and tmpfile/dmoivcxhck
2017-03-20 09:53:37 Main[4843]: Do testdata/15/dining.5
2017-03-20 09:53:37 Main[4843]: Watch Child Process: 6146
2017-03-20 09:53:37 Sandbox[6146]: Program Child Process: 6147
2017-03-20 09:53:37 Sandbox[6146]: Running program
2017-03-20 09:53:37 Runner[6147]: Time limit for this program is 2
2017-03-20 09:53:37 Sandbox[6146]: Used time: 13
2017-03-20 09:53:37 Sandbox[6146]: Used Memory: 1339392
2017-03-20 09:53:37 Sandbox[6146]: Run status: 0
2017-03-20 09:53:37 Main[4843]: Running Used: 0
2017-03-20 09:53:37 Main[4843]: Runned.
2017-03-20 09:53:37 Main[4843]: Comparing tmpfile/gprzaapcme and tmpfile/dmoivcxhck
2017-03-20 09:53:37 Main[4843]: Do testdata/15/dining.6
2017-03-20 09:53:37 Main[4843]: Watch Child Process: 6157
2017-03-20 09:53:37 Sandbox[6157]: Program Child Process: 6158
2017-03-20 09:53:37 Sandbox[6157]: Running program
2017-03-20 09:53:37 Runner[6158]: Time limit for this program is 2
2017-03-20 09:53:37 Sandbox[6157]: Used time: 13
2017-03-20 09:53:37 Sandbox[6157]: Used Memory: 1343488
2017-03-20 09:53:37 Sandbox[6157]: Run status: 0
2017-03-20 09:53:37 Main[4843]: Running Used: 0
2017-03-20 09:53:37 Main[4843]: Runned.
2017-03-20 09:53:37 Main[4843]: Comparing tmpfile/gprzaapcme and tmpfile/dmoivcxhck
2017-03-20 09:53:37 Main[4843]: Do testdata/15/dining.7
2017-03-20 09:53:37 Main[4843]: Watch Child Process: 6168
2017-03-20 09:53:37 Sandbox[6168]: Program Child Process: 6169
2017-03-20 09:53:37 Sandbox[6168]: Running program
2017-03-20 09:53:37 Runner[6169]: Time limit for this program is 2
2017-03-20 09:53:37 Sandbox[6168]: Used time: 16
2017-03-20 09:53:37 Sandbox[6168]: Used Memory: 1343488
2017-03-20 09:53:37 Sandbox[6168]: Run status: 0
2017-03-20 09:53:37 Main[4843]: Running Used: 0
2017-03-20 09:53:37 Main[4843]: Runned.
2017-03-20 09:53:37 Main[4843]: Comparing tmpfile/gprzaapcme and tmpfile/dmoivcxhck
2017-03-20 09:53:37 Main[4843]: Do testdata/15/dining.8
2017-03-20 09:53:37 Main[4843]: Watch Child Process: 6179
2017-03-20 09:53:37 Sandbox[6179]: Program Child Process: 6180
2017-03-20 09:53:37 Sandbox[6179]: Running program
2017-03-20 09:53:37 Runner[6180]: Time limit for this program is 2
2017-03-20 09:53:37 Sandbox[6179]: Used time: 26
2017-03-20 09:53:37 Sandbox[6179]: Used Memory: 1343488
2017-03-20 09:53:37 Sandbox[6179]: Run status: 0
2017-03-20 09:53:37 Main[4843]: Running Used: 0
2017-03-20 09:53:37 Main[4843]: Runned.
2017-03-20 09:53:37 Main[4843]: Comparing tmpfile/gprzaapcme and tmpfile/dmoivcxhck
2017-03-20 09:53:37 Main[4843]: Do testdata/15/dining.9
2017-03-20 09:53:37 Main[4843]: Watch Child Process: 6190
2017-03-20 09:53:37 Sandbox[6190]: Program Child Process: 6191
2017-03-20 09:53:37 Sandbox[6190]: Running program
2017-03-20 09:53:37 Runner[6191]: Time limit for this program is 2
2017-03-20 09:53:37 Sandbox[6190]: Used time: 33
2017-03-20 09:53:37 Sandbox[6190]: Used Memory: 1343488
2017-03-20 09:53:37 Sandbox[6190]: Run status: 0
2017-03-20 09:53:37 Main[4843]: Running Used: 0
2017-03-20 09:53:37 Main[4843]: Runned.
2017-03-20 09:53:37 Main[4843]: Comparing tmpfile/gprzaapcme and tmpfile/dmoivcxhck
2017-03-20 09:53:37 Main[4843]: Sending results/15
2017-03-20 09:53:37 Main[4843]: Sent.
2017-03-20 09:55:45 Main[4843]: Runid: 16 Type: 2
2017-03-20 09:55:45 Main[4843]: Checking testdata/15/dining.10
2017-03-20 09:55:45 Main[4843]: Checking testdata/15/dining.1
2017-03-20 09:55:45 Main[4843]: Checking testdata/15/dining.2
2017-03-20 09:55:45 Main[4843]: Checking testdata/15/dining.3
2017-03-20 09:55:45 Main[4843]: Checking testdata/15/dining.4
2017-03-20 09:55:45 Main[4843]: Checking testdata/15/dining.5
2017-03-20 09:55:45 Main[4843]: Checking testdata/15/dining.6
2017-03-20 09:55:45 Main[4843]: Checking testdata/15/dining.7
2017-03-20 09:55:45 Main[4843]: Checking testdata/15/dining.8
2017-03-20 09:55:45 Main[4843]: Checking testdata/15/dining.9
2017-03-20 09:55:45 Main[4843]: Do testdata/15/dining.10
2017-03-20 09:55:45 Main[4843]: Compiling tmpfile/foupcnfdku.cpp
2017-03-20 09:55:45 Main[4843]: Compile Child Process: 6375
2017-03-20 09:55:45 Main[4843]: Compile time limit: 10
2017-03-20 09:55:45 Main[4843]: Compiling Used: 0
2017-03-20 09:55:45 Main[4843]: Compiled
2017-03-20 09:55:45 Main[4843]: Sending results/16
2017-03-20 09:55:45 Main[4843]: Sent.
2017-03-20 09:56:12 Main[4843]: Runid: 17 Type: 2
2017-03-20 09:56:12 Main[4843]: Checking testdata/15/dining.10
2017-03-20 09:56:12 Main[4843]: Checking testdata/15/dining.1
2017-03-20 09:56:12 Main[4843]: Checking testdata/15/dining.2
2017-03-20 09:56:12 Main[4843]: Checking testdata/15/dining.3
2017-03-20 09:56:12 Main[4843]: Checking testdata/15/dining.4
2017-03-20 09:56:12 Main[4843]: Checking testdata/15/dining.5
2017-03-20 09:56:12 Main[4843]: Checking testdata/15/dining.6
2017-03-20 09:56:12 Main[4843]: Checking testdata/15/dining.7
2017-03-20 09:56:12 Main[4843]: Checking testdata/15/dining.8
2017-03-20 09:56:12 Main[4843]: Checking testdata/15/dining.9
2017-03-20 09:56:12 Main[4843]: Do testdata/15/dining.10
2017-03-20 09:56:12 Main[4843]: Compiling tmpfile/ascyhnxgbe.cpp
2017-03-20 09:56:12 Main[4843]: Compile Child Process: 6438
2017-03-20 09:56:12 Main[4843]: Compile time limit: 10
2017-03-20 09:56:12 Main[4843]: Compiling Used: 0
2017-03-20 09:56:12 Main[4843]: Compiled
2017-03-20 09:56:12 Main[4843]: Watch Child Process: 6452
2017-03-20 09:56:12 Sandbox[6452]: Program Child Process: 6453
2017-03-20 09:56:12 Sandbox[6452]: Running program
2017-03-20 09:56:12 Runner[6453]: Time limit for this program is 2
2017-03-20 09:56:12 Sandbox[6452]: Used time: 0
2017-03-20 09:56:12 Sandbox[6452]: Used Memory: 671744
2017-03-20 09:56:12 Sandbox[6452]: Run status: 0
2017-03-20 09:56:12 Main[4843]: Running Used: 0
2017-03-20 09:56:12 Main[4843]: Runned.
2017-03-20 09:56:12 Main[4843]: Comparing tmpfile/rawojyzmhi and tmpfile/faebrgoxlb
2017-03-20 09:56:12 Main[4843]: Expected 9, Found 1 Not AC.
2017-03-20 09:56:12 Main[4843]: Expected 9, Found 1 Not PE.
2017-03-20 09:56:12 Main[4843]: Sending results/17
2017-03-20 09:56:12 Main[4843]: Sent.
2017-03-20 11:15:57 Main[4843]: Exception caught: Connection lost
2017-03-20 11:15:57 Main[4843]: Network Error, trying to reconnect after 5 seconds
