[Solution ID: 3] Result = 4
[Solution ID: 3] Result = 4
[Solution ID: 3] Result = 4
[Solution ID: 3] Result = 4
[Solution ID: 1] Result = 4
[Solution ID: 1] Result = 4
[Solution ID: 1] Result = 4
[Solution ID: 1] Result = 4
[Solution ID: 1] Result = 4
[Solution ID: 1] Result = 4
[Solution ID: 1] Result = 4
[Solution ID: 1] Result = 4
[Solution ID: 1] Result = 4
[Solution ID: 1] Result = 4
[Solution ID: 1] Result = 4
[Solution ID: 2] Result = 4
[Solution ID: 3] Result = 4
[Solution ID: 1] Compile Error
[Solution ID: 1] Compile Error
[Solution ID: 1] Compile Error
[Solution ID: 1] Compile Error
[Solution ID: 1] Compile Error
[Solution ID: 1] Compile Error
[Solution ID: 1] Result = 4
[Solution ID: 1] Result = 4
[Solution ID: 1] Result = 4
[Solution ID: 1] Result = 4
[Solution ID: 1] Result = 4
[Solution ID: 1] Compile Error
[Solution ID: 1] Result = 6
[Solution ID: 1] Result = 6
[Solution ID: 1] Result = 6
[Solution ID: 1] Result = 4
[Solution ID: 1] Result = 4
[Solution ID: 1] Result = 4
[Solution ID: 4] Result = 6
[Solution ID: 4] Result = 6
[Solution ID: 5] Result = 6
[Solution ID: 5] Result = 6
[Solution ID: 5] Result = 6
[Solution ID: 5] Result = 6
init_call_counter:3
[Solution ID: 5] Result = 6
init_call_counter:2
[Solution ID: 4] Result = 6
init_call_counter:2
[Solution ID: 4] Result = 6
[Solution ID: 4] Compile Error
init_call_counter:2
init_call_counter:2
[Solution ID: 4] Result = 4
init_call_counter:3
init_call_counter:3
[Solution ID: 5] Result = 4
init_call_counter:3
init_call_counter:3
[Solution ID: 5] Result = 4
init_call_counter:3
[Solution ID: 5] Result = 6
init_call_counter:3
init_call_counter:3
[Solution ID: 5] Result = 4
init_call_counter:2
init_call_counter:2
[Solution ID: 4] Result = 4
init_call_counter:2
init_call_counter:2
[Solution ID: 4] Result = 4
init_call_counter:2
init_call_counter:2
[Solution ID: 4] Result = 4
init_call_counter:3
init_call_counter:3
[Solution ID: 5] Result = 4
init_call_counter:1
[ERROR] A not allowed system call.
Call ID:-240
[Solution ID: 6] Result = 10
init_call_counter:1
init_call_counter:1
[Solution ID: 7] Result = 4
init_call_counter:1
init_call_counter:1
[Solution ID: 8] Result = 4
init_call_counter:1
[Solution ID: 9] Result = 7
init_call_counter:3
init_call_counter:3
[Solution ID: 5] Result = 4
init_call_counter:3
init_call_counter:3
[Solution ID: 5] Result = 4
init_call_counter:3
init_call_counter:3
[Solution ID: 5] Result = 4
init_call_counter:2
init_call_counter:2
[Solution ID: 4] Result = 4
init_call_counter:2
init_call_counter:2
[Solution ID: 4] Result = 4
init_call_counter:2
init_call_counter:2
[Solution ID: 4] Result = 4
init_call_counter:2
[ERROR] A not allowed system call.
Call ID:56
[ERROR] A not allowed system call.
Call ID:56
[Solution ID: 4] Result = 10
init_call_counter:2
init_call_counter:2
[Solution ID: 4] Result = 4
init_call_counter:2
init_call_counter:2
[Solution ID: 4] Result = 4
init_call_counter:2
init_call_counter:2
[Solution ID: 4] Result = 4
init_call_counter:2
init_call_counter:2
[Solution ID: 4] Result = 4
init_call_counter:2
init_call_counter:2
[Solution ID: 4] Result = 4
init_call_counter:2
init_call_counter:2
[Solution ID: 4] Result = 4
init_call_counter:3
init_call_counter:3
[Solution ID: 5] Result = 4
init_call_counter:1
init_call_counter:1
[Solution ID: 1] Result = 4
init_call_counter:0
init_call_counter:0
[Solution ID: 2] Result = 4
init_call_counter:0
init_call_counter:0
[Solution ID: 2] Result = 4
init_call_counter:0
init_call_counter:0
[Solution ID: 2] Result = 4
init_call_counter:0
init_call_counter:0
[Solution ID: 2] Result = 4
init_call_counter:0
init_call_counter:0
[Solution ID: 2] Result = 4
init_call_counter:0
init_call_counter:0
[Solution ID: 2] Result = 4
init_call_counter:0
init_call_counter:0
[Solution ID: 2] Result = 4
init_call_counter:0
init_call_counter:0
[Solution ID: 2] Result = 4
init_call_counter:0
init_call_counter:0
[Solution ID: 2] Result = 4
init_call_counter:0
init_call_counter:0
[Solution ID: 2] Result = 4
init_call_counter:1
[ERROR] A not allowed system call.
Call ID:-240
[Solution ID: 6] Result = 10
init_call_counter:1
[Solution ID: 9] Result = 7
[Problem ID: 1] Compile Error
[Problem ID: 1] Compile Error
[Problem ID: 1] Result = 4
[Problem ID: 1] Result = 4
[Problem ID: 1] Result = 4
[Problem ID: 1] Result = 4
[Problem ID: 1] Result = 4
init_call_counter:1
init_call_counter:1
init_call_counter:1
[Problem ID: 1] Result = 4
init_call_counter:1
init_call_counter:1
[Problem ID: 1] Result = 4
init_call_counter:1
[Problem ID: 1] Result = 4
init_call_counter:1
[Problem ID: 1] Result = 4
init_call_counter:1
[Problem ID: 1] Result = 4
init_call_counter:1
[Problem ID: 1] Result = 4
init_call_counter:1
[Problem ID: 1] Result = 4
init_call_counter:1
[Problem ID: 1] Result = 4
init_call_counter:1
[Problem ID: 1] Result = 4
init_call_counter:1
[Problem ID: 1] Result = 4
init_call_counter:1
init_call_counter:1
[Problem ID: 1] Result = 4
init_call_counter:1
init_call_counter:1
init_call_counter:1
[Problem ID: 1] Result = 4
init_call_counter:1
[Problem ID: 1] Result = 4
init_call_counter:1
[Problem ID: 1] Result = 4
[Problem ID: 1] Result = 4
[Problem ID: 1] Result = 4
init_call_counter:1
[Problem ID: 1] Result = 4
init_call_counter:1
[Problem ID: 1] Result = 4
init_call_counter:1
[Problem ID: 1] Result = 4
init_call_counter:1
[Problem ID: 1] Result = 4
init_call_counter:1
[Problem ID: 1] Result = 4
init_call_counter:1
[Problem ID: 1] Result = 4
init_call_counter:1
[Problem ID: 1] Result = 4
Unknown column 'language' in 'where clause'
Unknown column 'language' in 'where clause'
Unknown column 'id' in 'where clause'
Judging solution 1
Judging solution 1
Judging solution 1
Judging solution 1
Judging solution 1
Judging solution 1
Judging solution 1
Judging solution 1
Judging solution 1
Judging solution 1
Judging solution 1
Judging solution 1
Judging solution 1
Judging solution 1
Judging solution 1
Judging solution 1
Judging solution 1
Judging solution 1
Judging solution 1
Judging solution 1
Judging solution 1
Judging solution 1
Judging solution 1
Judging solution 1
Judging solution 1
Judging solution 1
Judging solution 1
Judging solution 1
Judging solution 1
Judging solution 1
Judging solution 1
Judging solution 1
Judging solution 1
Judging solution 1
Judging solution 1
Judging solution 1
Judging solution 1
Judging solution 1
Judging solution 1
Judging solution 1
Judging solution 1
Judging solution 1
Judging solution 1
Judging solution 1
Judging solution 1
Judging solution 1
Judging solution 1
Judging solution 1
Judging solution 1
Judging solution 1
Judging solution 1
Judging solution 1
Judging solution 1
Judging solution 1
Judging solution 1
Judging solution 1
Judging solution 1
Judging solution 1
Judging solution 1
Judging solution 1
Judging solution 1
Judging solution 1
Judging solution 1
Judging solution 1
Judging solution 1
Judging solution 1
Judging solution 1
Judging solution 1
Judging solution 1
Judging solution 1
Judging solution 1
Judging solution 1
Judging solution 1
Judging solution 1
Judging solution 1
Judging solution 1
Judging solution 1
Judging solution 1
Judging solution 1
Judging solution 1
Judging solution 1
Judging solution 1
Judging solution 1
Judging solution 1
Judging solution 1
Judging solution 1
<<=sid=1===clientid=0==>>

init_call_counter:1
[Problem ID: 1] Result = 4
<<1 done!>>
[Problem ID: 1] Result = 4
[Problem ID: 1] Result = 4
[Problem ID: 3] Result = 4
