2373
2225
2462
3637
4402
2264
1688
2808
0
1280
147
3820
963
406
3683
4402
4402
684
2504
0
4184
0
3614
1720
0
4240
1519
2903
0
1418
2149
1363
3642
3644
4402
1075
4044
1615
0
4402
2894
111
0
0
0
3235
4226
3904
503
1174
3904
4402
414
2083
2843
0
460
1325
3539
0
0
2216
1165
2037
4093
3788
0
118
1821
0
4402
0
811
4402
0
2566
1978
4402
0
1124
3444
3545
2217
3030
0
627
3314
224
3649
1051
26
4402
3618
1191
3217
124
2246
3952
0
3836
4402
3836
2860
2793
1377
2469
0
4402
2149
0
1728
2311
2067
4297
368
1831
1621
4221
2407
2028
4329
2432
621
360
3622
2245
2532
0
1706
3883
3515
2594
48
3226
0
3121
758
921
0
4402
2750
1810
1941
332
3846
4358
0
2225
138
2209
4002
3789
4402
4402
1380
1338
329
801
2011
2386
3219
0
0
1123
3419
1356
1647
4078
3973
1917
526
1180
0
4402
0
4302
0
0
380
757
1161
4381
983
4151
598
2362
2414
0
0
0
420
3083
0
0
4402
4402
2490
861
478
1440
1057
2701
2971
2861
687
2473
0
67
1426
475
339
2586
4402
0
1566
2560
1661
0
594
1525
0
1365
4402
880
230
436
2467
1909
0
292
118
2329
2409
1156
3065
1371
3629
3160
953
4402
3634
3340
2313
1112
4042
4377
0
2382
3879
0
506
2087
1708
2405
0
1938
0
1976
0
