0
589
1801
366
3747
3170
2961
3208
2679
0
1835
3747
2002
0
3747
2026
907
2337
859
2672
3747
1367
851
2476
0
3747
0
1367
3077
3198
1489
2345
3747
312
3062
623
3347
2865
175
2862
3747
2010
0
148
1854
2627
2525
2760
0
3384
0
2559
3747
2821
3747
3416
0
3747
0
2826
947
1128
3717
430
0
656
193
2104
2956
19
759
1373
0
1803
1226
1434
0
0
3747
1297
2273
2575
0
1865
247
3747
0
146
259
0
270
3747
260
3448
3538
0
2373
3098
1121
3559
317
0
1546
250
3747
0
2035
3747
792
2307
0
0
0
0
2795
2389
2832
3302
3747
0
3747
3747
3747
3747
0
0
3747
727
2582
3747
2480
3251
3747
583
3500
0
2674
3705
1307
3364
466
1402
2434
0
348
9
3747
3179
3166
0
3341
1006
2031
466
1560
385
629
2984
1463
0
70
1018
2793
3747
3747
2595
1694
0
530
3000
3156
1347
3747
3650
0
3747
3170
3747
609
2904
3013
0
2920
3747
144
3747
3747
3535
0
1998
3747
0
3462
1200
3341
550
2682
3747
758
3211
853
0
3747
1138
3747
3747
3001
493
0
2867
3081
1136
3189
2887
3061
283
0
0
3253
0
2043
0
0
0
1618
1111
1541
0
3094
3747
1865
2530
3747
2465
3747
0
0
0
2752
0
1827
0
0
3747
3747
3747
3747
3451
3747
0
2068
993
0
0
1
2402
949
1189
3747
1794
580
1532
0
3747
2832
2344
2486
2535
952
267
