0
0
0
362
362
362
0
362
362
0
362
362
0
0
0
0
362
362
0
0
289
362
362
362
362
362
362
362
362
0
0
362
362
0
0
144
0
0
0
362
0
0
0
0
362
362
362
0
268
0
362
0
344
184
0
362
0
362
0
362
0
362
362
362
0
0
0
0
0
362
362
299
0
0
0
362
362
0
0
0
0
362
362
0
0
0
343
362
362
0
362
0
0
0
0
0
0
362
0
362
0
0
362
362
0
0
0
130
0
362
0
362
0
0
0
362
0
0
0
0
362
0
0
362
0
0
0
99
362
0
0
0
362
362
0
362
0
0
362
0
0
0
0
0
0
0
0
0
362
362
0
0
362
0
0
309
362
0
0
362
0
362
0
0
362
0
0
362
362
118
0
362
0
362
0
0
0
0
231
362
0
362
0
362
0
0
362
362
0
0
0
0
0
362
362
362
362
362
196
0
362
362
362
362
0
0
0
362
0
362
0
362
0
0
0
362
0
0
0
0
0
362
362
0
0
318
0
0
0
362
0
0
362
0
362
0
0
48
362
3
362
0
362
0
0
0
362
362
0
0
0
362
0
0
0
362
362
0
362
362
0
0
362
0
362
362
0
0
362
362
0
0
362
362
362
0
362
0
0
362
267
0
362
362
0
362
0
362
0
0
362
172
0
362
313
91
362
362
0
0
362
0
362
0
0
0
362
362
362
362
362
0
0
0
362
0
0
0
0
0
0
0
362
362
0
0
362
362
0
362
260
362
0
362
0
0
0
309
362
362
362
0
0
362
362
0
0
362
0
362
0
0
362
362
0
0
0
362
362
0
0
362
0
0
0
0
0
0
0
0
0
111
362
0
362
362
0
0
0
275
317
362
0
362
0
0
362
362
362
0
0
0
0
0
362
