This file contains any messages produced by compilers while
running configure, to aid debugging if configure makes a mistake.

It was created by bnuoj-judger configure 2.0.0, which was
generated by GNU Autoconf 2.69.  Invocation command line was

  $ ./configure 

## --------- ##
## Platform. ##
## --------- ##

hostname = dr
uname -m = x86_64
uname -r = 4.9.7-1-ARCH
uname -s = Linux
uname -v = #1 SMP PREEMPT Wed Feb 1 19:33:40 CET 2017

/usr/bin/uname -p = unknown
/bin/uname -X     = unknown

/bin/arch              = unknown
/usr/bin/arch -k       = unknown
/usr/convex/getsysinfo = unknown
/usr/bin/hostinfo      = unknown
/bin/machine           = unknown
/usr/bin/oslevel       = unknown
/bin/universe          = unknown

PATH: /usr/local/bin
PATH: /usr/local/sbin
PATH: /usr/bin


## ----------- ##
## Core tests. ##
## ----------- ##

configure:2387: checking whether to enable maintainer-specific portions of Makefiles
configure:2396: result: no
configure:2454: checking for a BSD-compatible install
configure:2522: result: /usr/bin/install -c
configure:2533: checking whether build environment is sane
configure:2588: result: yes
configure:2739: checking for a thread-safe mkdir -p
configure:2778: result: /usr/bin/mkdir -p
configure:2785: checking for gawk
configure:2801: found /usr/bin/gawk
configure:2812: result: gawk
configure:2823: checking whether make sets $(MAKE)
configure:2845: result: yes
configure:2874: checking whether make supports nested variables
configure:2891: result: yes
configure:3077: checking for g++
configure:3093: found /usr/bin/g++
configure:3104: result: g++
configure:3131: checking for C++ compiler version
configure:3140: g++ --version >&5
g++ (GCC) 6.3.1 20170109
Copyright (C) 2016 Free Software Foundation, Inc.
This is free software; see the source for copying conditions.  There is NO
warranty; not even for MERCHANTABILITY or FITNESS FOR A PARTICULAR PURPOSE.

configure:3151: $? = 0
configure:3140: g++ -v >&5
Using built-in specs.
COLLECT_GCC=g++
COLLECT_LTO_WRAPPER=/usr/lib/gcc/x86_64-pc-linux-gnu/6.3.1/lto-wrapper
Target: x86_64-pc-linux-gnu
Configured with: /build/gcc/src/gcc/configure --prefix=/usr --libdir=/usr/lib --libexecdir=/usr/lib --mandir=/usr/share/man --infodir=/usr/share/info --with-bugurl=https://bugs.archlinux.org/ --enable-languages=c,c++,ada,fortran,go,lto,objc,obj-c++ --enable-shared --enable-threads=posix --enable-libmpx --with-system-zlib --with-isl --enable-__cxa_atexit --disable-libunwind-exceptions --enable-clocale=gnu --disable-libstdcxx-pch --disable-libssp --enable-gnu-unique-object --enable-linker-build-id --enable-lto --enable-plugin --enable-install-libiberty --with-linker-hash-style=gnu --enable-gnu-indirect-function --disable-multilib --disable-werror --enable-checking=release
Thread model: posix
gcc version 6.3.1 20170109 (GCC) 
configure:3151: $? = 0
configure:3140: g++ -V >&5
g++: error: unrecognized command line option '-V'
g++: fatal error: no input files
compilation terminated.
configure:3151: $? = 1
configure:3140: g++ -qversion >&5
g++: error: unrecognized command line option '-qversion'; did you mean '--version'?
g++: fatal error: no input files
compilation terminated.
configure:3151: $? = 1
configure:3171: checking whether the C++ compiler works
configure:3193: g++    conftest.cpp  >&5
configure:3197: $? = 0
configure:3245: result: yes
configure:3248: checking for C++ compiler default output file name
configure:3250: result: a.out
configure:3256: checking for suffix of executables
configure:3263: g++ -o conftest    conftest.cpp  >&5
configure:3267: $? = 0
configure:3289: result: 
configure:3311: checking whether we are cross compiling
configure:3319: g++ -o conftest    conftest.cpp  >&5
configure:3323: $? = 0
configure:3330: ./conftest
configure:3334: $? = 0
configure:3349: result: no
configure:3354: checking for suffix of object files
configure:3376: g++ -c   conftest.cpp >&5
configure:3380: $? = 0
configure:3401: result: o
configure:3405: checking whether we are using the GNU C++ compiler
configure:3424: g++ -c   conftest.cpp >&5
configure:3424: $? = 0
configure:3433: result: yes
configure:3442: checking whether g++ accepts -g
configure:3462: g++ -c -g  conftest.cpp >&5
configure:3462: $? = 0
configure:3503: result: yes
configure:3537: checking for style of include used by make
configure:3565: result: GNU
configure:3591: checking dependency style of g++
configure:3702: result: gcc3
configure:3765: checking for gcc
configure:3781: found /usr/bin/gcc
configure:3792: result: gcc
configure:4021: checking for C compiler version
configure:4030: gcc --version >&5
gcc (GCC) 6.3.1 20170109
Copyright (C) 2016 Free Software Foundation, Inc.
This is free software; see the source for copying conditions.  There is NO
warranty; not even for MERCHANTABILITY or FITNESS FOR A PARTICULAR PURPOSE.

configure:4041: $? = 0
configure:4030: gcc -v >&5
Using built-in specs.
COLLECT_GCC=gcc
COLLECT_LTO_WRAPPER=/usr/lib/gcc/x86_64-pc-linux-gnu/6.3.1/lto-wrapper
Target: x86_64-pc-linux-gnu
Configured with: /build/gcc/src/gcc/configure --prefix=/usr --libdir=/usr/lib --libexecdir=/usr/lib --mandir=/usr/share/man --infodir=/usr/share/info --with-bugurl=https://bugs.archlinux.org/ --enable-languages=c,c++,ada,fortran,go,lto,objc,obj-c++ --enable-shared --enable-threads=posix --enable-libmpx --with-system-zlib --with-isl --enable-__cxa_atexit --disable-libunwind-exceptions --enable-clocale=gnu --disable-libstdcxx-pch --disable-libssp --enable-gnu-unique-object --enable-linker-build-id --enable-lto --enable-plugin --enable-install-libiberty --with-linker-hash-style=gnu --enable-gnu-indirect-function --disable-multilib --disable-werror --enable-checking=release
Thread model: posix
gcc version 6.3.1 20170109 (GCC) 
configure:4041: $? = 0
configure:4030: gcc -V >&5
gcc: error: unrecognized command line option '-V'
gcc: fatal error: no input files
compilation terminated.
configure:4041: $? = 1
configure:4030: gcc -qversion >&5
gcc: error: unrecognized command line option '-qversion'; did you mean '--version'?
gcc: fatal error: no input files
compilation terminated.
configure:4041: $? = 1
configure:4045: checking whether we are using the GNU C compiler
configure:4064: gcc -c   conftest.c >&5
configure:4064: $? = 0
configure:4073: result: yes
configure:4082: checking whether gcc accepts -g
configure:4102: gcc -c -g  conftest.c >&5
configure:4102: $? = 0
configure:4143: result: yes
configure:4160: checking for gcc option to accept ISO C89
configure:4223: gcc  -c -g -O2  conftest.c >&5
configure:4223: $? = 0
configure:4236: result: none needed
configure:4261: checking whether gcc understands -c and -o together
configure:4283: gcc -c conftest.c -o conftest2.o
configure:4286: $? = 0
configure:4283: gcc -c conftest.c -o conftest2.o
configure:4286: $? = 0
configure:4298: result: yes
configure:4317: checking dependency style of gcc
configure:4428: result: gcc3
configure:4453: checking how to run the C preprocessor
configure:4484: gcc -E  conftest.c
configure:4484: $? = 0
configure:4498: gcc -E  conftest.c
conftest.c:11:28: fatal error: ac_nonexistent.h: No such file or directory
 #include <ac_nonexistent.h>
                            ^
compilation terminated.
configure:4498: $? = 1
configure: failed program was:
| /* confdefs.h */
| #define PACKAGE_NAME "bnuoj-judger"
| #define PACKAGE_TARNAME "bnuoj-judger"
| #define PACKAGE_VERSION "2.0.0"
| #define PACKAGE_STRING "bnuoj-judger 2.0.0"
| #define PACKAGE_BUGREPORT "crccw@moonux.org"
| #define PACKAGE_URL ""
| #define PACKAGE "bnuoj-judger"
| #define VERSION "2.0.0"
| /* end confdefs.h.  */
| #include <ac_nonexistent.h>
configure:4523: result: gcc -E
configure:4543: gcc -E  conftest.c
configure:4543: $? = 0
configure:4557: gcc -E  conftest.c
conftest.c:11:28: fatal error: ac_nonexistent.h: No such file or directory
 #include <ac_nonexistent.h>
                            ^
compilation terminated.
configure:4557: $? = 1
configure: failed program was:
| /* confdefs.h */
| #define PACKAGE_NAME "bnuoj-judger"
| #define PACKAGE_TARNAME "bnuoj-judger"
| #define PACKAGE_VERSION "2.0.0"
| #define PACKAGE_STRING "bnuoj-judger 2.0.0"
| #define PACKAGE_BUGREPORT "crccw@moonux.org"
| #define PACKAGE_URL ""
| #define PACKAGE "bnuoj-judger"
| #define VERSION "2.0.0"
| /* end confdefs.h.  */
| #include <ac_nonexistent.h>
configure:4586: checking for grep that handles long lines and -e
configure:4644: result: /usr/bin/grep
configure:4649: checking for egrep
configure:4711: result: /usr/bin/grep -E
configure:4716: checking for ANSI C header files
configure:4736: gcc -c -g -O2  conftest.c >&5
configure:4736: $? = 0
configure:4809: gcc -o conftest -g -O2   conftest.c  >&5
configure:4809: $? = 0
configure:4809: ./conftest
configure:4809: $? = 0
configure:4820: result: yes
configure:4833: checking for sys/types.h
configure:4833: gcc -c -g -O2  conftest.c >&5
configure:4833: $? = 0
configure:4833: result: yes
configure:4833: checking for sys/stat.h
configure:4833: gcc -c -g -O2  conftest.c >&5
configure:4833: $? = 0
configure:4833: result: yes
configure:4833: checking for stdlib.h
configure:4833: gcc -c -g -O2  conftest.c >&5
configure:4833: $? = 0
configure:4833: result: yes
configure:4833: checking for string.h
configure:4833: gcc -c -g -O2  conftest.c >&5
configure:4833: $? = 0
configure:4833: result: yes
configure:4833: checking for memory.h
configure:4833: gcc -c -g -O2  conftest.c >&5
configure:4833: $? = 0
configure:4833: result: yes
configure:4833: checking for strings.h
configure:4833: gcc -c -g -O2  conftest.c >&5
configure:4833: $? = 0
configure:4833: result: yes
configure:4833: checking for inttypes.h
configure:4833: gcc -c -g -O2  conftest.c >&5
configure:4833: $? = 0
configure:4833: result: yes
configure:4833: checking for stdint.h
configure:4833: gcc -c -g -O2  conftest.c >&5
configure:4833: $? = 0
configure:4833: result: yes
configure:4833: checking for unistd.h
configure:4833: gcc -c -g -O2  conftest.c >&5
configure:4833: $? = 0
configure:4833: result: yes
configure:4850: checking arpa/inet.h usability
configure:4850: gcc -c -g -O2  conftest.c >&5
configure:4850: $? = 0
configure:4850: result: yes
configure:4850: checking arpa/inet.h presence
configure:4850: gcc -E  conftest.c
configure:4850: $? = 0
configure:4850: result: yes
configure:4850: checking for arpa/inet.h
configure:4850: result: yes
configure:4850: checking for inttypes.h
configure:4850: result: yes
configure:4850: checking limits.h usability
configure:4850: gcc -c -g -O2  conftest.c >&5
configure:4850: $? = 0
configure:4850: result: yes
configure:4850: checking limits.h presence
configure:4850: gcc -E  conftest.c
configure:4850: $? = 0
configure:4850: result: yes
configure:4850: checking for limits.h
configure:4850: result: yes
configure:4850: checking netdb.h usability
configure:4850: gcc -c -g -O2  conftest.c >&5
configure:4850: $? = 0
configure:4850: result: yes
configure:4850: checking netdb.h presence
configure:4850: gcc -E  conftest.c
configure:4850: $? = 0
configure:4850: result: yes
configure:4850: checking for netdb.h
configure:4850: result: yes
configure:4850: checking netinet/in.h usability
configure:4850: gcc -c -g -O2  conftest.c >&5
configure:4850: $? = 0
configure:4850: result: yes
configure:4850: checking netinet/in.h presence
configure:4850: gcc -E  conftest.c
configure:4850: $? = 0
configure:4850: result: yes
configure:4850: checking for netinet/in.h
configure:4850: result: yes
configure:4850: checking for stdint.h
configure:4850: result: yes
configure:4850: checking for stdlib.h
configure:4850: result: yes
configure:4850: checking for string.h
configure:4850: result: yes
configure:4850: checking for strings.h
configure:4850: result: yes
configure:4850: checking sys/socket.h usability
configure:4850: gcc -c -g -O2  conftest.c >&5
configure:4850: $? = 0
configure:4850: result: yes
configure:4850: checking sys/socket.h presence
configure:4850: gcc -E  conftest.c
configure:4850: $? = 0
configure:4850: result: yes
configure:4850: checking for sys/socket.h
configure:4850: result: yes
configure:4850: checking sys/time.h usability
configure:4850: gcc -c -g -O2  conftest.c >&5
configure:4850: $? = 0
configure:4850: result: yes
configure:4850: checking sys/time.h presence
configure:4850: gcc -E  conftest.c
configure:4850: $? = 0
configure:4850: result: yes
configure:4850: checking for sys/time.h
configure:4850: result: yes
configure:4850: checking for unistd.h
configure:4850: result: yes
configure:4850: checking wchar.h usability
configure:4850: gcc -c -g -O2  conftest.c >&5
configure:4850: $? = 0
configure:4850: result: yes
configure:4850: checking wchar.h presence
configure:4850: gcc -E  conftest.c
configure:4850: $? = 0
configure:4850: result: yes
configure:4850: checking for wchar.h
configure:4850: result: yes
configure:4862: checking for stdbool.h that conforms to C99
configure:4929: gcc -c -g -O2  conftest.c >&5
configure:4929: $? = 0
configure:4936: result: yes
configure:4938: checking for _Bool
configure:4938: gcc -c -g -O2  conftest.c >&5
configure:4938: $? = 0
configure:4938: gcc -c -g -O2  conftest.c >&5
conftest.c: In function 'main':
conftest.c:70:20: error: expected expression before ')' token
 if (sizeof ((_Bool)))
                    ^
configure:4938: $? = 1
configure: failed program was:
| /* confdefs.h */
| #define PACKAGE_NAME "bnuoj-judger"
| #define PACKAGE_TARNAME "bnuoj-judger"
| #define PACKAGE_VERSION "2.0.0"
| #define PACKAGE_STRING "bnuoj-judger 2.0.0"
| #define PACKAGE_BUGREPORT "crccw@moonux.org"
| #define PACKAGE_URL ""
| #define PACKAGE "bnuoj-judger"
| #define VERSION "2.0.0"
| #define STDC_HEADERS 1
| #define HAVE_SYS_TYPES_H 1
| #define HAVE_SYS_STAT_H 1
| #define HAVE_STDLIB_H 1
| #define HAVE_STRING_H 1
| #define HAVE_MEMORY_H 1
| #define HAVE_STRINGS_H 1
| #define HAVE_INTTYPES_H 1
| #define HAVE_STDINT_H 1
| #define HAVE_UNISTD_H 1
| #define HAVE_ARPA_INET_H 1
| #define HAVE_INTTYPES_H 1
| #define HAVE_LIMITS_H 1
| #define HAVE_NETDB_H 1
| #define HAVE_NETINET_IN_H 1
| #define HAVE_STDINT_H 1
| #define HAVE_STDLIB_H 1
| #define HAVE_STRING_H 1
| #define HAVE_STRINGS_H 1
| #define HAVE_SYS_SOCKET_H 1
| #define HAVE_SYS_TIME_H 1
| #define HAVE_UNISTD_H 1
| #define HAVE_WCHAR_H 1
| /* end confdefs.h.  */
| #include <stdio.h>
| #ifdef HAVE_SYS_TYPES_H
| # include <sys/types.h>
| #endif
| #ifdef HAVE_SYS_STAT_H
| # include <sys/stat.h>
| #endif
| #ifdef STDC_HEADERS
| # include <stdlib.h>
| # include <stddef.h>
| #else
| # ifdef HAVE_STDLIB_H
| #  include <stdlib.h>
| # endif
| #endif
| #ifdef HAVE_STRING_H
| # if !defined STDC_HEADERS && defined HAVE_MEMORY_H
| #  include <memory.h>
| # endif
| # include <string.h>
| #endif
| #ifdef HAVE_STRINGS_H
| # include <strings.h>
| #endif
| #ifdef HAVE_INTTYPES_H
| # include <inttypes.h>
| #endif
| #ifdef HAVE_STDINT_H
| # include <stdint.h>
| #endif
| #ifdef HAVE_UNISTD_H
| # include <unistd.h>
| #endif
| int
| main ()
| {
| if (sizeof ((_Bool)))
| 	    return 0;
|   ;
|   return 0;
| }
configure:4938: result: yes
configure:4949: checking for inline
configure:4965: gcc -c -g -O2  conftest.c >&5
configure:4965: $? = 0
configure:4973: result: inline
configure:4991: checking for int16_t
configure:4991: gcc -c -g -O2  conftest.c >&5
configure:4991: $? = 0
configure:4991: gcc -c -g -O2  conftest.c >&5
conftest.c: In function 'main':
conftest.c:72:12: error: size of array 'test_array' is negative
 static int test_array [1 - 2 * !((int16_t) (((((int16_t) 1 << N) << N) - 1) * 2 + 1)
            ^~~~~~~~~~
configure:4991: $? = 1
configure: failed program was:
| /* confdefs.h */
| #define PACKAGE_NAME "bnuoj-judger"
| #define PACKAGE_TARNAME "bnuoj-judger"
| #define PACKAGE_VERSION "2.0.0"
| #define PACKAGE_STRING "bnuoj-judger 2.0.0"
| #define PACKAGE_BUGREPORT "crccw@moonux.org"
| #define PACKAGE_URL ""
| #define PACKAGE "bnuoj-judger"
| #define VERSION "2.0.0"
| #define STDC_HEADERS 1
| #define HAVE_SYS_TYPES_H 1
| #define HAVE_SYS_STAT_H 1
| #define HAVE_STDLIB_H 1
| #define HAVE_STRING_H 1
| #define HAVE_MEMORY_H 1
| #define HAVE_STRINGS_H 1
| #define HAVE_INTTYPES_H 1
| #define HAVE_STDINT_H 1
| #define HAVE_UNISTD_H 1
| #define HAVE_ARPA_INET_H 1
| #define HAVE_INTTYPES_H 1
| #define HAVE_LIMITS_H 1
| #define HAVE_NETDB_H 1
| #define HAVE_NETINET_IN_H 1
| #define HAVE_STDINT_H 1
| #define HAVE_STDLIB_H 1
| #define HAVE_STRING_H 1
| #define HAVE_STRINGS_H 1
| #define HAVE_SYS_SOCKET_H 1
| #define HAVE_SYS_TIME_H 1
| #define HAVE_UNISTD_H 1
| #define HAVE_WCHAR_H 1
| #define HAVE__BOOL 1
| /* end confdefs.h.  */
| #include <stdio.h>
| #ifdef HAVE_SYS_TYPES_H
| # include <sys/types.h>
| #endif
| #ifdef HAVE_SYS_STAT_H
| # include <sys/stat.h>
| #endif
| #ifdef STDC_HEADERS
| # include <stdlib.h>
| # include <stddef.h>
| #else
| # ifdef HAVE_STDLIB_H
| #  include <stdlib.h>
| # endif
| #endif
| #ifdef HAVE_STRING_H
| # if !defined STDC_HEADERS && defined HAVE_MEMORY_H
| #  include <memory.h>
| # endif
| # include <string.h>
| #endif
| #ifdef HAVE_STRINGS_H
| # include <strings.h>
| #endif
| #ifdef HAVE_INTTYPES_H
| # include <inttypes.h>
| #endif
| #ifdef HAVE_STDINT_H
| # include <stdint.h>
| #endif
| #ifdef HAVE_UNISTD_H
| # include <unistd.h>
| #endif
| 	        enum { N = 16 / 2 - 1 };
| int
| main ()
| {
| static int test_array [1 - 2 * !((int16_t) (((((int16_t) 1 << N) << N) - 1) * 2 + 1)
| 		 < (int16_t) (((((int16_t) 1 << N) << N) - 1) * 2 + 2))];
| test_array [0] = 0;
| return test_array [0];
| 
|   ;
|   return 0;
| }
configure:4991: result: yes
configure:5002: checking for int32_t
configure:5002: gcc -c -g -O2  conftest.c >&5
configure:5002: $? = 0
configure:5002: gcc -c -g -O2  conftest.c >&5
conftest.c: In function 'main':
conftest.c:73:53: warning: integer overflow in expression [-Woverflow]
    < (int32_t) (((((int32_t) 1 << N) << N) - 1) * 2 + 2))];
                                                     ^
conftest.c:72:12: error: storage size of 'test_array' isn't constant
 static int test_array [1 - 2 * !((int32_t) (((((int32_t) 1 << N) << N) - 1) * 2 + 1)
            ^~~~~~~~~~
configure:5002: $? = 1
configure: failed program was:
| /* confdefs.h */
| #define PACKAGE_NAME "bnuoj-judger"
| #define PACKAGE_TARNAME "bnuoj-judger"
| #define PACKAGE_VERSION "2.0.0"
| #define PACKAGE_STRING "bnuoj-judger 2.0.0"
| #define PACKAGE_BUGREPORT "crccw@moonux.org"
| #define PACKAGE_URL ""
| #define PACKAGE "bnuoj-judger"
| #define VERSION "2.0.0"
| #define STDC_HEADERS 1
| #define HAVE_SYS_TYPES_H 1
| #define HAVE_SYS_STAT_H 1
| #define HAVE_STDLIB_H 1
| #define HAVE_STRING_H 1
| #define HAVE_MEMORY_H 1
| #define HAVE_STRINGS_H 1
| #define HAVE_INTTYPES_H 1
| #define HAVE_STDINT_H 1
| #define HAVE_UNISTD_H 1
| #define HAVE_ARPA_INET_H 1
| #define HAVE_INTTYPES_H 1
| #define HAVE_LIMITS_H 1
| #define HAVE_NETDB_H 1
| #define HAVE_NETINET_IN_H 1
| #define HAVE_STDINT_H 1
| #define HAVE_STDLIB_H 1
| #define HAVE_STRING_H 1
| #define HAVE_STRINGS_H 1
| #define HAVE_SYS_SOCKET_H 1
| #define HAVE_SYS_TIME_H 1
| #define HAVE_UNISTD_H 1
| #define HAVE_WCHAR_H 1
| #define HAVE__BOOL 1
| /* end confdefs.h.  */
| #include <stdio.h>
| #ifdef HAVE_SYS_TYPES_H
| # include <sys/types.h>
| #endif
| #ifdef HAVE_SYS_STAT_H
| # include <sys/stat.h>
| #endif
| #ifdef STDC_HEADERS
| # include <stdlib.h>
| # include <stddef.h>
| #else
| # ifdef HAVE_STDLIB_H
| #  include <stdlib.h>
| # endif
| #endif
| #ifdef HAVE_STRING_H
| # if !defined STDC_HEADERS && defined HAVE_MEMORY_H
| #  include <memory.h>
| # endif
| # include <string.h>
| #endif
| #ifdef HAVE_STRINGS_H
| # include <strings.h>
| #endif
| #ifdef HAVE_INTTYPES_H
| # include <inttypes.h>
| #endif
| #ifdef HAVE_STDINT_H
| # include <stdint.h>
| #endif
| #ifdef HAVE_UNISTD_H
| # include <unistd.h>
| #endif
| 	        enum { N = 32 / 2 - 1 };
| int
| main ()
| {
| static int test_array [1 - 2 * !((int32_t) (((((int32_t) 1 << N) << N) - 1) * 2 + 1)
| 		 < (int32_t) (((((int32_t) 1 << N) << N) - 1) * 2 + 2))];
| test_array [0] = 0;
| return test_array [0];
| 
|   ;
|   return 0;
| }
configure:5002: result: yes
configure:5013: checking for int64_t
configure:5013: gcc -c -g -O2  conftest.c >&5
configure:5013: $? = 0
configure:5013: gcc -c -g -O2  conftest.c >&5
conftest.c: In function 'main':
conftest.c:73:53: warning: integer overflow in expression [-Woverflow]
    < (int64_t) (((((int64_t) 1 << N) << N) - 1) * 2 + 2))];
                                                     ^
conftest.c:72:12: error: storage size of 'test_array' isn't constant
 static int test_array [1 - 2 * !((int64_t) (((((int64_t) 1 << N) << N) - 1) * 2 + 1)
            ^~~~~~~~~~
configure:5013: $? = 1
configure: failed program was:
| /* confdefs.h */
| #define PACKAGE_NAME "bnuoj-judger"
| #define PACKAGE_TARNAME "bnuoj-judger"
| #define PACKAGE_VERSION "2.0.0"
| #define PACKAGE_STRING "bnuoj-judger 2.0.0"
| #define PACKAGE_BUGREPORT "crccw@moonux.org"
| #define PACKAGE_URL ""
| #define PACKAGE "bnuoj-judger"
| #define VERSION "2.0.0"
| #define STDC_HEADERS 1
| #define HAVE_SYS_TYPES_H 1
| #define HAVE_SYS_STAT_H 1
| #define HAVE_STDLIB_H 1
| #define HAVE_STRING_H 1
| #define HAVE_MEMORY_H 1
| #define HAVE_STRINGS_H 1
| #define HAVE_INTTYPES_H 1
| #define HAVE_STDINT_H 1
| #define HAVE_UNISTD_H 1
| #define HAVE_ARPA_INET_H 1
| #define HAVE_INTTYPES_H 1
| #define HAVE_LIMITS_H 1
| #define HAVE_NETDB_H 1
| #define HAVE_NETINET_IN_H 1
| #define HAVE_STDINT_H 1
| #define HAVE_STDLIB_H 1
| #define HAVE_STRING_H 1
| #define HAVE_STRINGS_H 1
| #define HAVE_SYS_SOCKET_H 1
| #define HAVE_SYS_TIME_H 1
| #define HAVE_UNISTD_H 1
| #define HAVE_WCHAR_H 1
| #define HAVE__BOOL 1
| /* end confdefs.h.  */
| #include <stdio.h>
| #ifdef HAVE_SYS_TYPES_H
| # include <sys/types.h>
| #endif
| #ifdef HAVE_SYS_STAT_H
| # include <sys/stat.h>
| #endif
| #ifdef STDC_HEADERS
| # include <stdlib.h>
| # include <stddef.h>
| #else
| # ifdef HAVE_STDLIB_H
| #  include <stdlib.h>
| # endif
| #endif
| #ifdef HAVE_STRING_H
| # if !defined STDC_HEADERS && defined HAVE_MEMORY_H
| #  include <memory.h>
| # endif
| # include <string.h>
| #endif
| #ifdef HAVE_STRINGS_H
| # include <strings.h>
| #endif
| #ifdef HAVE_INTTYPES_H
| # include <inttypes.h>
| #endif
| #ifdef HAVE_STDINT_H
| # include <stdint.h>
| #endif
| #ifdef HAVE_UNISTD_H
| # include <unistd.h>
| #endif
| 	        enum { N = 64 / 2 - 1 };
| int
| main ()
| {
| static int test_array [1 - 2 * !((int64_t) (((((int64_t) 1 << N) << N) - 1) * 2 + 1)
| 		 < (int64_t) (((((int64_t) 1 << N) << N) - 1) * 2 + 2))];
| test_array [0] = 0;
| return test_array [0];
| 
|   ;
|   return 0;
| }
configure:5013: result: yes
configure:5024: checking for int8_t
configure:5024: gcc -c -g -O2  conftest.c >&5
configure:5024: $? = 0
configure:5024: gcc -c -g -O2  conftest.c >&5
conftest.c: In function 'main':
conftest.c:72:12: error: size of array 'test_array' is negative
 static int test_array [1 - 2 * !((int8_t) (((((int8_t) 1 << N) << N) - 1) * 2 + 1)
            ^~~~~~~~~~
configure:5024: $? = 1
configure: failed program was:
| /* confdefs.h */
| #define PACKAGE_NAME "bnuoj-judger"
| #define PACKAGE_TARNAME "bnuoj-judger"
| #define PACKAGE_VERSION "2.0.0"
| #define PACKAGE_STRING "bnuoj-judger 2.0.0"
| #define PACKAGE_BUGREPORT "crccw@moonux.org"
| #define PACKAGE_URL ""
| #define PACKAGE "bnuoj-judger"
| #define VERSION "2.0.0"
| #define STDC_HEADERS 1
| #define HAVE_SYS_TYPES_H 1
| #define HAVE_SYS_STAT_H 1
| #define HAVE_STDLIB_H 1
| #define HAVE_STRING_H 1
| #define HAVE_MEMORY_H 1
| #define HAVE_STRINGS_H 1
| #define HAVE_INTTYPES_H 1
| #define HAVE_STDINT_H 1
| #define HAVE_UNISTD_H 1
| #define HAVE_ARPA_INET_H 1
| #define HAVE_INTTYPES_H 1
| #define HAVE_LIMITS_H 1
| #define HAVE_NETDB_H 1
| #define HAVE_NETINET_IN_H 1
| #define HAVE_STDINT_H 1
| #define HAVE_STDLIB_H 1
| #define HAVE_STRING_H 1
| #define HAVE_STRINGS_H 1
| #define HAVE_SYS_SOCKET_H 1
| #define HAVE_SYS_TIME_H 1
| #define HAVE_UNISTD_H 1
| #define HAVE_WCHAR_H 1
| #define HAVE__BOOL 1
| /* end confdefs.h.  */
| #include <stdio.h>
| #ifdef HAVE_SYS_TYPES_H
| # include <sys/types.h>
| #endif
| #ifdef HAVE_SYS_STAT_H
| # include <sys/stat.h>
| #endif
| #ifdef STDC_HEADERS
| # include <stdlib.h>
| # include <stddef.h>
| #else
| # ifdef HAVE_STDLIB_H
| #  include <stdlib.h>
| # endif
| #endif
| #ifdef HAVE_STRING_H
| # if !defined STDC_HEADERS && defined HAVE_MEMORY_H
| #  include <memory.h>
| # endif
| # include <string.h>
| #endif
| #ifdef HAVE_STRINGS_H
| # include <strings.h>
| #endif
| #ifdef HAVE_INTTYPES_H
| # include <inttypes.h>
| #endif
| #ifdef HAVE_STDINT_H
| # include <stdint.h>
| #endif
| #ifdef HAVE_UNISTD_H
| # include <unistd.h>
| #endif
| 	        enum { N = 8 / 2 - 1 };
| int
| main ()
| {
| static int test_array [1 - 2 * !((int8_t) (((((int8_t) 1 << N) << N) - 1) * 2 + 1)
| 		 < (int8_t) (((((int8_t) 1 << N) << N) - 1) * 2 + 2))];
| test_array [0] = 0;
| return test_array [0];
| 
|   ;
|   return 0;
| }
configure:5024: result: yes
configure:5035: checking for pid_t
configure:5035: gcc -c -g -O2  conftest.c >&5
configure:5035: $? = 0
configure:5035: gcc -c -g -O2  conftest.c >&5
conftest.c: In function 'main':
conftest.c:71:20: error: expected expression before ')' token
 if (sizeof ((pid_t)))
                    ^
configure:5035: $? = 1
configure: failed program was:
| /* confdefs.h */
| #define PACKAGE_NAME "bnuoj-judger"
| #define PACKAGE_TARNAME "bnuoj-judger"
| #define PACKAGE_VERSION "2.0.0"
| #define PACKAGE_STRING "bnuoj-judger 2.0.0"
| #define PACKAGE_BUGREPORT "crccw@moonux.org"
| #define PACKAGE_URL ""
| #define PACKAGE "bnuoj-judger"
| #define VERSION "2.0.0"
| #define STDC_HEADERS 1
| #define HAVE_SYS_TYPES_H 1
| #define HAVE_SYS_STAT_H 1
| #define HAVE_STDLIB_H 1
| #define HAVE_STRING_H 1
| #define HAVE_MEMORY_H 1
| #define HAVE_STRINGS_H 1
| #define HAVE_INTTYPES_H 1
| #define HAVE_STDINT_H 1
| #define HAVE_UNISTD_H 1
| #define HAVE_ARPA_INET_H 1
| #define HAVE_INTTYPES_H 1
| #define HAVE_LIMITS_H 1
| #define HAVE_NETDB_H 1
| #define HAVE_NETINET_IN_H 1
| #define HAVE_STDINT_H 1
| #define HAVE_STDLIB_H 1
| #define HAVE_STRING_H 1
| #define HAVE_STRINGS_H 1
| #define HAVE_SYS_SOCKET_H 1
| #define HAVE_SYS_TIME_H 1
| #define HAVE_UNISTD_H 1
| #define HAVE_WCHAR_H 1
| #define HAVE__BOOL 1
| /* end confdefs.h.  */
| #include <stdio.h>
| #ifdef HAVE_SYS_TYPES_H
| # include <sys/types.h>
| #endif
| #ifdef HAVE_SYS_STAT_H
| # include <sys/stat.h>
| #endif
| #ifdef STDC_HEADERS
| # include <stdlib.h>
| # include <stddef.h>
| #else
| # ifdef HAVE_STDLIB_H
| #  include <stdlib.h>
| # endif
| #endif
| #ifdef HAVE_STRING_H
| # if !defined STDC_HEADERS && defined HAVE_MEMORY_H
| #  include <memory.h>
| # endif
| # include <string.h>
| #endif
| #ifdef HAVE_STRINGS_H
| # include <strings.h>
| #endif
| #ifdef HAVE_INTTYPES_H
| # include <inttypes.h>
| #endif
| #ifdef HAVE_STDINT_H
| # include <stdint.h>
| #endif
| #ifdef HAVE_UNISTD_H
| # include <unistd.h>
| #endif
| int
| main ()
| {
| if (sizeof ((pid_t)))
| 	    return 0;
|   ;
|   return 0;
| }
configure:5035: result: yes
configure:5046: checking for size_t
configure:5046: gcc -c -g -O2  conftest.c >&5
configure:5046: $? = 0
configure:5046: gcc -c -g -O2  conftest.c >&5
conftest.c: In function 'main':
conftest.c:71:21: error: expected expression before ')' token
 if (sizeof ((size_t)))
                     ^
configure:5046: $? = 1
configure: failed program was:
| /* confdefs.h */
| #define PACKAGE_NAME "bnuoj-judger"
| #define PACKAGE_TARNAME "bnuoj-judger"
| #define PACKAGE_VERSION "2.0.0"
| #define PACKAGE_STRING "bnuoj-judger 2.0.0"
| #define PACKAGE_BUGREPORT "crccw@moonux.org"
| #define PACKAGE_URL ""
| #define PACKAGE "bnuoj-judger"
| #define VERSION "2.0.0"
| #define STDC_HEADERS 1
| #define HAVE_SYS_TYPES_H 1
| #define HAVE_SYS_STAT_H 1
| #define HAVE_STDLIB_H 1
| #define HAVE_STRING_H 1
| #define HAVE_MEMORY_H 1
| #define HAVE_STRINGS_H 1
| #define HAVE_INTTYPES_H 1
| #define HAVE_STDINT_H 1
| #define HAVE_UNISTD_H 1
| #define HAVE_ARPA_INET_H 1
| #define HAVE_INTTYPES_H 1
| #define HAVE_LIMITS_H 1
| #define HAVE_NETDB_H 1
| #define HAVE_NETINET_IN_H 1
| #define HAVE_STDINT_H 1
| #define HAVE_STDLIB_H 1
| #define HAVE_STRING_H 1
| #define HAVE_STRINGS_H 1
| #define HAVE_SYS_SOCKET_H 1
| #define HAVE_SYS_TIME_H 1
| #define HAVE_UNISTD_H 1
| #define HAVE_WCHAR_H 1
| #define HAVE__BOOL 1
| /* end confdefs.h.  */
| #include <stdio.h>
| #ifdef HAVE_SYS_TYPES_H
| # include <sys/types.h>
| #endif
| #ifdef HAVE_SYS_STAT_H
| # include <sys/stat.h>
| #endif
| #ifdef STDC_HEADERS
| # include <stdlib.h>
| # include <stddef.h>
| #else
| # ifdef HAVE_STDLIB_H
| #  include <stdlib.h>
| # endif
| #endif
| #ifdef HAVE_STRING_H
| # if !defined STDC_HEADERS && defined HAVE_MEMORY_H
| #  include <memory.h>
| # endif
| # include <string.h>
| #endif
| #ifdef HAVE_STRINGS_H
| # include <strings.h>
| #endif
| #ifdef HAVE_INTTYPES_H
| # include <inttypes.h>
| #endif
| #ifdef HAVE_STDINT_H
| # include <stdint.h>
| #endif
| #ifdef HAVE_UNISTD_H
| # include <unistd.h>
| #endif
| int
| main ()
| {
| if (sizeof ((size_t)))
| 	    return 0;
|   ;
|   return 0;
| }
configure:5046: result: yes
configure:5057: checking for ssize_t
configure:5057: gcc -c -g -O2  conftest.c >&5
configure:5057: $? = 0
configure:5057: gcc -c -g -O2  conftest.c >&5
conftest.c: In function 'main':
conftest.c:71:22: error: expected expression before ')' token
 if (sizeof ((ssize_t)))
                      ^
configure:5057: $? = 1
configure: failed program was:
| /* confdefs.h */
| #define PACKAGE_NAME "bnuoj-judger"
| #define PACKAGE_TARNAME "bnuoj-judger"
| #define PACKAGE_VERSION "2.0.0"
| #define PACKAGE_STRING "bnuoj-judger 2.0.0"
| #define PACKAGE_BUGREPORT "crccw@moonux.org"
| #define PACKAGE_URL ""
| #define PACKAGE "bnuoj-judger"
| #define VERSION "2.0.0"
| #define STDC_HEADERS 1
| #define HAVE_SYS_TYPES_H 1
| #define HAVE_SYS_STAT_H 1
| #define HAVE_STDLIB_H 1
| #define HAVE_STRING_H 1
| #define HAVE_MEMORY_H 1
| #define HAVE_STRINGS_H 1
| #define HAVE_INTTYPES_H 1
| #define HAVE_STDINT_H 1
| #define HAVE_UNISTD_H 1
| #define HAVE_ARPA_INET_H 1
| #define HAVE_INTTYPES_H 1
| #define HAVE_LIMITS_H 1
| #define HAVE_NETDB_H 1
| #define HAVE_NETINET_IN_H 1
| #define HAVE_STDINT_H 1
| #define HAVE_STDLIB_H 1
| #define HAVE_STRING_H 1
| #define HAVE_STRINGS_H 1
| #define HAVE_SYS_SOCKET_H 1
| #define HAVE_SYS_TIME_H 1
| #define HAVE_UNISTD_H 1
| #define HAVE_WCHAR_H 1
| #define HAVE__BOOL 1
| /* end confdefs.h.  */
| #include <stdio.h>
| #ifdef HAVE_SYS_TYPES_H
| # include <sys/types.h>
| #endif
| #ifdef HAVE_SYS_STAT_H
| # include <sys/stat.h>
| #endif
| #ifdef STDC_HEADERS
| # include <stdlib.h>
| # include <stddef.h>
| #else
| # ifdef HAVE_STDLIB_H
| #  include <stdlib.h>
| # endif
| #endif
| #ifdef HAVE_STRING_H
| # if !defined STDC_HEADERS && defined HAVE_MEMORY_H
| #  include <memory.h>
| # endif
| # include <string.h>
| #endif
| #ifdef HAVE_STRINGS_H
| # include <strings.h>
| #endif
| #ifdef HAVE_INTTYPES_H
| # include <inttypes.h>
| #endif
| #ifdef HAVE_STDINT_H
| # include <stdint.h>
| #endif
| #ifdef HAVE_UNISTD_H
| # include <unistd.h>
| #endif
| int
| main ()
| {
| if (sizeof ((ssize_t)))
| 	    return 0;
|   ;
|   return 0;
| }
configure:5057: result: yes
configure:5068: checking for uint16_t
configure:5068: gcc -c -g -O2  conftest.c >&5
configure:5068: $? = 0
configure:5068: result: yes
configure:5080: checking for uint32_t
configure:5080: gcc -c -g -O2  conftest.c >&5
configure:5080: $? = 0
configure:5080: result: yes
configure:5094: checking for uint64_t
configure:5094: gcc -c -g -O2  conftest.c >&5
configure:5094: $? = 0
configure:5094: result: yes
configure:5108: checking for uint8_t
configure:5108: gcc -c -g -O2  conftest.c >&5
configure:5108: $? = 0
configure:5108: result: yes
configure:5122: checking for ptrdiff_t
configure:5122: gcc -c -g -O2  conftest.c >&5
configure:5122: $? = 0
configure:5122: gcc -c -g -O2  conftest.c >&5
conftest.c: In function 'main':
conftest.c:71:24: error: expected expression before ')' token
 if (sizeof ((ptrdiff_t)))
                        ^
configure:5122: $? = 1
configure: failed program was:
| /* confdefs.h */
| #define PACKAGE_NAME "bnuoj-judger"
| #define PACKAGE_TARNAME "bnuoj-judger"
| #define PACKAGE_VERSION "2.0.0"
| #define PACKAGE_STRING "bnuoj-judger 2.0.0"
| #define PACKAGE_BUGREPORT "crccw@moonux.org"
| #define PACKAGE_URL ""
| #define PACKAGE "bnuoj-judger"
| #define VERSION "2.0.0"
| #define STDC_HEADERS 1
| #define HAVE_SYS_TYPES_H 1
| #define HAVE_SYS_STAT_H 1
| #define HAVE_STDLIB_H 1
| #define HAVE_STRING_H 1
| #define HAVE_MEMORY_H 1
| #define HAVE_STRINGS_H 1
| #define HAVE_INTTYPES_H 1
| #define HAVE_STDINT_H 1
| #define HAVE_UNISTD_H 1
| #define HAVE_ARPA_INET_H 1
| #define HAVE_INTTYPES_H 1
| #define HAVE_LIMITS_H 1
| #define HAVE_NETDB_H 1
| #define HAVE_NETINET_IN_H 1
| #define HAVE_STDINT_H 1
| #define HAVE_STDLIB_H 1
| #define HAVE_STRING_H 1
| #define HAVE_STRINGS_H 1
| #define HAVE_SYS_SOCKET_H 1
| #define HAVE_SYS_TIME_H 1
| #define HAVE_UNISTD_H 1
| #define HAVE_WCHAR_H 1
| #define HAVE__BOOL 1
| /* end confdefs.h.  */
| #include <stdio.h>
| #ifdef HAVE_SYS_TYPES_H
| # include <sys/types.h>
| #endif
| #ifdef HAVE_SYS_STAT_H
| # include <sys/stat.h>
| #endif
| #ifdef STDC_HEADERS
| # include <stdlib.h>
| # include <stddef.h>
| #else
| # ifdef HAVE_STDLIB_H
| #  include <stdlib.h>
| # endif
| #endif
| #ifdef HAVE_STRING_H
| # if !defined STDC_HEADERS && defined HAVE_MEMORY_H
| #  include <memory.h>
| # endif
| # include <string.h>
| #endif
| #ifdef HAVE_STRINGS_H
| # include <strings.h>
| #endif
| #ifdef HAVE_INTTYPES_H
| # include <inttypes.h>
| #endif
| #ifdef HAVE_STDINT_H
| # include <stdint.h>
| #endif
| #ifdef HAVE_UNISTD_H
| # include <unistd.h>
| #endif
| int
| main ()
| {
| if (sizeof ((ptrdiff_t)))
| 	    return 0;
|   ;
|   return 0;
| }
configure:5122: result: yes
configure:5136: checking vfork.h usability
configure:5136: gcc -c -g -O2  conftest.c >&5
conftest.c:69:19: fatal error: vfork.h: No such file or directory
 #include <vfork.h>
                   ^
compilation terminated.
configure:5136: $? = 1
configure: failed program was:
| /* confdefs.h */
| #define PACKAGE_NAME "bnuoj-judger"
| #define PACKAGE_TARNAME "bnuoj-judger"
| #define PACKAGE_VERSION "2.0.0"
| #define PACKAGE_STRING "bnuoj-judger 2.0.0"
| #define PACKAGE_BUGREPORT "crccw@moonux.org"
| #define PACKAGE_URL ""
| #define PACKAGE "bnuoj-judger"
| #define VERSION "2.0.0"
| #define STDC_HEADERS 1
| #define HAVE_SYS_TYPES_H 1
| #define HAVE_SYS_STAT_H 1
| #define HAVE_STDLIB_H 1
| #define HAVE_STRING_H 1
| #define HAVE_MEMORY_H 1
| #define HAVE_STRINGS_H 1
| #define HAVE_INTTYPES_H 1
| #define HAVE_STDINT_H 1
| #define HAVE_UNISTD_H 1
| #define HAVE_ARPA_INET_H 1
| #define HAVE_INTTYPES_H 1
| #define HAVE_LIMITS_H 1
| #define HAVE_NETDB_H 1
| #define HAVE_NETINET_IN_H 1
| #define HAVE_STDINT_H 1
| #define HAVE_STDLIB_H 1
| #define HAVE_STRING_H 1
| #define HAVE_STRINGS_H 1
| #define HAVE_SYS_SOCKET_H 1
| #define HAVE_SYS_TIME_H 1
| #define HAVE_UNISTD_H 1
| #define HAVE_WCHAR_H 1
| #define HAVE__BOOL 1
| #define HAVE_PTRDIFF_T 1
| /* end confdefs.h.  */
| #include <stdio.h>
| #ifdef HAVE_SYS_TYPES_H
| # include <sys/types.h>
| #endif
| #ifdef HAVE_SYS_STAT_H
| # include <sys/stat.h>
| #endif
| #ifdef STDC_HEADERS
| # include <stdlib.h>
| # include <stddef.h>
| #else
| # ifdef HAVE_STDLIB_H
| #  include <stdlib.h>
| # endif
| #endif
| #ifdef HAVE_STRING_H
| # if !defined STDC_HEADERS && defined HAVE_MEMORY_H
| #  include <memory.h>
| # endif
| # include <string.h>
| #endif
| #ifdef HAVE_STRINGS_H
| # include <strings.h>
| #endif
| #ifdef HAVE_INTTYPES_H
| # include <inttypes.h>
| #endif
| #ifdef HAVE_STDINT_H
| # include <stdint.h>
| #endif
| #ifdef HAVE_UNISTD_H
| # include <unistd.h>
| #endif
| #include <vfork.h>
configure:5136: result: no
configure:5136: checking vfork.h presence
configure:5136: gcc -E  conftest.c
conftest.c:36:19: fatal error: vfork.h: No such file or directory
 #include <vfork.h>
                   ^
compilation terminated.
configure:5136: $? = 1
configure: failed program was:
| /* confdefs.h */
| #define PACKAGE_NAME "bnuoj-judger"
| #define PACKAGE_TARNAME "bnuoj-judger"
| #define PACKAGE_VERSION "2.0.0"
| #define PACKAGE_STRING "bnuoj-judger 2.0.0"
| #define PACKAGE_BUGREPORT "crccw@moonux.org"
| #define PACKAGE_URL ""
| #define PACKAGE "bnuoj-judger"
| #define VERSION "2.0.0"
| #define STDC_HEADERS 1
| #define HAVE_SYS_TYPES_H 1
| #define HAVE_SYS_STAT_H 1
| #define HAVE_STDLIB_H 1
| #define HAVE_STRING_H 1
| #define HAVE_MEMORY_H 1
| #define HAVE_STRINGS_H 1
| #define HAVE_INTTYPES_H 1
| #define HAVE_STDINT_H 1
| #define HAVE_UNISTD_H 1
| #define HAVE_ARPA_INET_H 1
| #define HAVE_INTTYPES_H 1
| #define HAVE_LIMITS_H 1
| #define HAVE_NETDB_H 1
| #define HAVE_NETINET_IN_H 1
| #define HAVE_STDINT_H 1
| #define HAVE_STDLIB_H 1
| #define HAVE_STRING_H 1
| #define HAVE_STRINGS_H 1
| #define HAVE_SYS_SOCKET_H 1
| #define HAVE_SYS_TIME_H 1
| #define HAVE_UNISTD_H 1
| #define HAVE_WCHAR_H 1
| #define HAVE__BOOL 1
| #define HAVE_PTRDIFF_T 1
| /* end confdefs.h.  */
| #include <vfork.h>
configure:5136: result: no
configure:5136: checking for vfork.h
configure:5136: result: no
configure:5149: checking for fork
configure:5149: gcc -o conftest -g -O2   conftest.c  >&5
conftest.c:59:6: warning: conflicting types for built-in function 'fork'
 char fork ();
      ^~~~
configure:5149: $? = 0
configure:5149: result: yes
configure:5149: checking for vfork
configure:5149: gcc -o conftest -g -O2   conftest.c  >&5
configure:5149: $? = 0
configure:5149: result: yes
configure:5159: checking for working fork
configure:5181: gcc -o conftest -g -O2   conftest.c  >&5
configure:5181: $? = 0
configure:5181: ./conftest
configure:5181: $? = 0
configure:5191: result: yes
configure:5212: checking for working vfork
configure:5322: result: yes
configure:5349: checking for stdlib.h
configure:5349: result: yes
configure:5359: checking for GNU libc compatible malloc
configure:5383: gcc -o conftest -g -O2   conftest.c  >&5
configure:5383: $? = 0
configure:5383: ./conftest
configure:5383: $? = 0
configure:5393: result: yes
configure:5416: checking for stdlib.h
configure:5416: result: yes
configure:5426: checking for GNU libc compatible realloc
configure:5450: gcc -o conftest -g -O2   conftest.c  >&5
configure:5450: $? = 0
configure:5450: ./conftest
configure:5450: $? = 0
configure:5460: result: yes
configure:5485: checking for bzero
configure:5485: gcc -o conftest -g -O2   conftest.c  >&5
conftest.c:67:6: warning: conflicting types for built-in function 'bzero'
 char bzero ();
      ^~~~~
configure:5485: $? = 0
configure:5485: result: yes
configure:5485: checking for dup2
configure:5485: gcc -o conftest -g -O2   conftest.c  >&5
configure:5485: $? = 0
configure:5485: result: yes
configure:5485: checking for getpagesize
configure:5485: gcc -o conftest -g -O2   conftest.c  >&5
configure:5485: $? = 0
configure:5485: result: yes
configure:5485: checking for gettimeofday
configure:5485: gcc -o conftest -g -O2   conftest.c  >&5
configure:5485: $? = 0
configure:5485: result: yes
configure:5485: checking for memmove
configure:5485: gcc -o conftest -g -O2   conftest.c  >&5
conftest.c:71:6: warning: conflicting types for built-in function 'memmove'
 char memmove ();
      ^~~~~~~
configure:5485: $? = 0
configure:5485: result: yes
configure:5485: checking for memset
configure:5485: gcc -o conftest -g -O2   conftest.c  >&5
conftest.c:72:6: warning: conflicting types for built-in function 'memset'
 char memset ();
      ^~~~~~
configure:5485: $? = 0
configure:5485: result: yes
configure:5485: checking for socket
configure:5485: gcc -o conftest -g -O2   conftest.c  >&5
configure:5485: $? = 0
configure:5485: result: yes
configure:5485: checking for strchr
configure:5485: gcc -o conftest -g -O2   conftest.c  >&5
conftest.c:74:6: warning: conflicting types for built-in function 'strchr'
 char strchr ();
      ^~~~~~
configure:5485: $? = 0
configure:5485: result: yes
configure:5610: checking that generated files are newer than configure
configure:5616: result: done
configure:5643: creating ./config.status

## ---------------------- ##
## Running config.status. ##
## ---------------------- ##

This file was extended by bnuoj-judger config.status 2.0.0, which was
generated by GNU Autoconf 2.69.  Invocation command line was

  CONFIG_FILES    = 
  CONFIG_HEADERS  = 
  CONFIG_LINKS    = 
  CONFIG_COMMANDS = 
  $ ./config.status 

on dr

config.status:893: creating Makefile
config.status:893: creating src/Makefile
config.status:893: creating config.h
config.status:1074: config.h is unchanged
config.status:1122: executing depfiles commands

## ---------------- ##
## Cache variables. ##
## ---------------- ##

ac_cv_c_compiler_gnu=yes
ac_cv_c_inline=inline
ac_cv_c_int16_t=yes
ac_cv_c_int32_t=yes
ac_cv_c_int64_t=yes
ac_cv_c_int8_t=yes
ac_cv_c_uint16_t=yes
ac_cv_c_uint32_t=yes
ac_cv_c_uint64_t=yes
ac_cv_c_uint8_t=yes
ac_cv_cxx_compiler_gnu=yes
ac_cv_env_CCC_set=
ac_cv_env_CCC_value=
ac_cv_env_CC_set=
ac_cv_env_CC_value=
ac_cv_env_CFLAGS_set=
ac_cv_env_CFLAGS_value=
ac_cv_env_CPPFLAGS_set=
ac_cv_env_CPPFLAGS_value=
ac_cv_env_CPP_set=
ac_cv_env_CPP_value=
ac_cv_env_CXXFLAGS_set=
ac_cv_env_CXXFLAGS_value=
ac_cv_env_CXX_set=
ac_cv_env_CXX_value=
ac_cv_env_LDFLAGS_set=
ac_cv_env_LDFLAGS_value=
ac_cv_env_LIBS_set=
ac_cv_env_LIBS_value=
ac_cv_env_build_alias_set=
ac_cv_env_build_alias_value=
ac_cv_env_host_alias_set=
ac_cv_env_host_alias_value=
ac_cv_env_target_alias_set=
ac_cv_env_target_alias_value=
ac_cv_func_bzero=yes
ac_cv_func_dup2=yes
ac_cv_func_fork=yes
ac_cv_func_fork_works=yes
ac_cv_func_getpagesize=yes
ac_cv_func_gettimeofday=yes
ac_cv_func_malloc_0_nonnull=yes
ac_cv_func_memmove=yes
ac_cv_func_memset=yes
ac_cv_func_realloc_0_nonnull=yes
ac_cv_func_socket=yes
ac_cv_func_strchr=yes
ac_cv_func_vfork=yes
ac_cv_func_vfork_works=yes
ac_cv_header_arpa_inet_h=yes
ac_cv_header_inttypes_h=yes
ac_cv_header_limits_h=yes
ac_cv_header_memory_h=yes
ac_cv_header_netdb_h=yes
ac_cv_header_netinet_in_h=yes
ac_cv_header_stdbool_h=yes
ac_cv_header_stdc=yes
ac_cv_header_stdint_h=yes
ac_cv_header_stdlib_h=yes
ac_cv_header_string_h=yes
ac_cv_header_strings_h=yes
ac_cv_header_sys_socket_h=yes
ac_cv_header_sys_stat_h=yes
ac_cv_header_sys_time_h=yes
ac_cv_header_sys_types_h=yes
ac_cv_header_unistd_h=yes
ac_cv_header_vfork_h=no
ac_cv_header_wchar_h=yes
ac_cv_objext=o
ac_cv_path_EGREP='/usr/bin/grep -E'
ac_cv_path_GREP=/usr/bin/grep
ac_cv_path_install='/usr/bin/install -c'
ac_cv_path_mkdir=/usr/bin/mkdir
ac_cv_prog_AWK=gawk
ac_cv_prog_CPP='gcc -E'
ac_cv_prog_ac_ct_CC=gcc
ac_cv_prog_ac_ct_CXX=g++
ac_cv_prog_cc_c89=
ac_cv_prog_cc_g=yes
ac_cv_prog_cxx_g=yes
ac_cv_prog_make_make_set=yes
ac_cv_type__Bool=yes
ac_cv_type_pid_t=yes
ac_cv_type_ptrdiff_t=yes
ac_cv_type_size_t=yes
ac_cv_type_ssize_t=yes
am_cv_CC_dependencies_compiler_type=gcc3
am_cv_CXX_dependencies_compiler_type=gcc3
am_cv_make_support_nested_variables=yes
am_cv_prog_cc_c_o=yes

## ----------------- ##
## Output variables. ##
## ----------------- ##

ACLOCAL='${SHELL} /usr/share/nginx/html/bnuoj-backend/judger-v2/missing aclocal-1.15'
AMDEPBACKSLASH='\'
AMDEP_FALSE='#'
AMDEP_TRUE=''
AMTAR='$${TAR-tar}'
AM_BACKSLASH='\'
AM_DEFAULT_V='$(AM_DEFAULT_VERBOSITY)'
AM_DEFAULT_VERBOSITY='1'
AM_V='$(V)'
AUTOCONF='${SHELL} /usr/share/nginx/html/bnuoj-backend/judger-v2/missing autoconf'
AUTOHEADER='${SHELL} /usr/share/nginx/html/bnuoj-backend/judger-v2/missing autoheader'
AUTOMAKE='${SHELL} /usr/share/nginx/html/bnuoj-backend/judger-v2/missing automake-1.15'
AWK='gawk'
CC='gcc'
CCDEPMODE='depmode=gcc3'
CFLAGS='-g -O2'
CPP='gcc -E'
CPPFLAGS=''
CXX='g++'
CXXDEPMODE='depmode=gcc3'
CXXFLAGS='-g -O2'
CYGPATH_W='echo'
DEFS='-DHAVE_CONFIG_H'
DEPDIR='.deps'
ECHO_C=''
ECHO_N='-n'
ECHO_T=''
EGREP='/usr/bin/grep -E'
EXEEXT=''
GREP='/usr/bin/grep'
INSTALL_DATA='${INSTALL} -m 644'
INSTALL_PROGRAM='${INSTALL}'
INSTALL_SCRIPT='${INSTALL}'
INSTALL_STRIP_PROGRAM='$(install_sh) -c -s'
LDFLAGS=''
LIBOBJS=''
LIBS=''
LTLIBOBJS=''
MAINT='#'
MAINTAINER_MODE_FALSE=''
MAINTAINER_MODE_TRUE='#'
MAKEINFO='${SHELL} /usr/share/nginx/html/bnuoj-backend/judger-v2/missing makeinfo'
MKDIR_P='/usr/bin/mkdir -p'
OBJEXT='o'
PACKAGE='bnuoj-judger'
PACKAGE_BUGREPORT='crccw@moonux.org'
PACKAGE_NAME='bnuoj-judger'
PACKAGE_STRING='bnuoj-judger 2.0.0'
PACKAGE_TARNAME='bnuoj-judger'
PACKAGE_URL=''
PACKAGE_VERSION='2.0.0'
PATH_SEPARATOR=':'
SET_MAKE=''
SHELL='/bin/sh'
STRIP=''
VERSION='2.0.0'
ac_ct_CC='gcc'
ac_ct_CXX='g++'
am__EXEEXT_FALSE=''
am__EXEEXT_TRUE='#'
am__fastdepCC_FALSE='#'
am__fastdepCC_TRUE=''
am__fastdepCXX_FALSE='#'
am__fastdepCXX_TRUE=''
am__include='include'
am__isrc=''
am__leading_dot='.'
am__nodep='_no'
am__quote=''
am__tar='$${TAR-tar} chof - "$$tardir"'
am__untar='$${TAR-tar} xf -'
bindir='${exec_prefix}/bin'
build_alias=''
datadir='${datarootdir}'
datarootdir='${prefix}/share'
docdir='${datarootdir}/doc/${PACKAGE_TARNAME}'
dvidir='${docdir}'
exec_prefix='${prefix}'
host_alias=''
htmldir='${docdir}'
includedir='${prefix}/include'
infodir='${datarootdir}/info'
install_sh='${SHELL} /usr/share/nginx/html/bnuoj-backend/judger-v2/install-sh'
libdir='${exec_prefix}/lib'
libexecdir='${exec_prefix}/libexec'
localedir='${datarootdir}/locale'
localstatedir='${prefix}/var'
mandir='${datarootdir}/man'
mkdir_p='$(MKDIR_P)'
oldincludedir='/usr/include'
pdfdir='${docdir}'
prefix='/usr/local'
program_transform_name='s,x,x,'
psdir='${docdir}'
sbindir='${exec_prefix}/sbin'
sharedstatedir='${prefix}/com'
sysconfdir='${prefix}/etc'
target_alias=''

## ----------- ##
## confdefs.h. ##
## ----------- ##

/* confdefs.h */
#define PACKAGE_NAME "bnuoj-judger"
#define PACKAGE_TARNAME "bnuoj-judger"
#define PACKAGE_VERSION "2.0.0"
#define PACKAGE_STRING "bnuoj-judger 2.0.0"
#define PACKAGE_BUGREPORT "crccw@moonux.org"
#define PACKAGE_URL ""
#define PACKAGE "bnuoj-judger"
#define VERSION "2.0.0"
#define STDC_HEADERS 1
#define HAVE_SYS_TYPES_H 1
#define HAVE_SYS_STAT_H 1
#define HAVE_STDLIB_H 1
#define HAVE_STRING_H 1
#define HAVE_MEMORY_H 1
#define HAVE_STRINGS_H 1
#define HAVE_INTTYPES_H 1
#define HAVE_STDINT_H 1
#define HAVE_UNISTD_H 1
#define HAVE_ARPA_INET_H 1
#define HAVE_INTTYPES_H 1
#define HAVE_LIMITS_H 1
#define HAVE_NETDB_H 1
#define HAVE_NETINET_IN_H 1
#define HAVE_STDINT_H 1
#define HAVE_STDLIB_H 1
#define HAVE_STRING_H 1
#define HAVE_STRINGS_H 1
#define HAVE_SYS_SOCKET_H 1
#define HAVE_SYS_TIME_H 1
#define HAVE_UNISTD_H 1
#define HAVE_WCHAR_H 1
#define HAVE__BOOL 1
#define HAVE_PTRDIFF_T 1
#define HAVE_FORK 1
#define HAVE_VFORK 1
#define HAVE_WORKING_VFORK 1
#define HAVE_WORKING_FORK 1
#define HAVE_STDLIB_H 1
#define HAVE_MALLOC 1
#define HAVE_STDLIB_H 1
#define HAVE_REALLOC 1
#define HAVE_BZERO 1
#define HAVE_DUP2 1
#define HAVE_GETPAGESIZE 1
#define HAVE_GETTIMEOFDAY 1
#define HAVE_MEMMOVE 1
#define HAVE_MEMSET 1
#define HAVE_SOCKET 1
#define HAVE_STRCHR 1

configure: exit 0
